#
# There is insufficient memory for the Java Runtime Environment to continue.
# Native memory allocation (mmap) failed to map 65536 bytes for Failed to commit metaspace.
# Possible reasons:
#   The system is out of physical RAM or swap space
#   The process is running with CompressedOops enabled, and the Java Heap may be blocking the growth of the native heap
# Possible solutions:
#   Reduce memory load on the system
#   Increase physical memory or swap space
#   Check if swap backing store is full
#   Decrease Java heap size (-Xmx/-Xms)
#   Decrease number of Java threads
#   Decrease Java thread stack sizes (-Xss)
#   Set larger code cache with -XX:ReservedCodeCacheSize=
#   JVM is running with Unscaled Compressed Oops mode in which the Java heap is
#     placed in the first 4GB address space. The Java Heap base address is the
#     maximum limit for the native heap growth. Please use -XX:HeapBaseMinAddress
#     to set the Java Heap base and to place the Java Heap above 4GB virtual address.
# This output file may be truncated or incomplete.
#
#  Out of Memory Error (virtualSpaceNode.cpp:108), pid=29844, tid=29432
#
# JRE version: Java(TM) SE Runtime Environment (16.0.1+9) (build 16.0.1+9-24)
# Java VM: Java HotSpot(TM) 64-Bit Server VM (16.0.1+9-24, mixed mode, tiered, compressed oops, compressed class ptrs, g1 gc, windows-amd64)
# No core dump will be written. Minidumps are not enabled by default on client versions of Windows
#

---------------  S U M M A R Y ------------

Command Line: -Dfile.encoding=UTF-8 --module-path=C:\Users\mahaj\OneDrive\Documents\NetBeansProjects\Library.Management.System\build\classes aboutUs

Host: Intel(R) Core(TM) i5-1035G1 CPU @ 1.00GHz, 8 cores, 7G,  Windows 10 , 64 bit Build 19041 (10.0.19041.928)
Time: Tue Jun  1 01:26:21 2021 India Standard Time elapsed time: 0.419851 seconds (0d 0h 0m 0s)

---------------  T H R E A D  ---------------

Current thread (0x00000239db896fb0):  JavaThread "main" [_thread_in_vm, id=29432, stack(0x0000004022500000,0x0000004022600000)]

Stack: [0x0000004022500000,0x0000004022600000]
Native frames: (J=compiled Java code, j=interpreted, Vv=VM code, C=native code)
V  [jvm.dll+0x6687ca]
V  [jvm.dll+0x7ca3c9]
V  [jvm.dll+0x7cbb53]
V  [jvm.dll+0x7cc1b3]
V  [jvm.dll+0x242ea5]
V  [jvm.dll+0x7c6a4b]
V  [jvm.dll+0x60e436]
V  [jvm.dll+0x60e49a]
V  [jvm.dll+0x610aca]
V  [jvm.dll+0x60ed31]
V  [jvm.dll+0x2372ef]
V  [jvm.dll+0x6193b5]
V  [jvm.dll+0x1e9a52]
V  [jvm.dll+0x1e9f85]
V  [jvm.dll+0x1eab0f]
V  [jvm.dll+0x1df8a1]
V  [jvm.dll+0x536728]
V  [jvm.dll+0x1f0fa2]
V  [jvm.dll+0x741e03]
V  [jvm.dll+0x7436a8]
V  [jvm.dll+0x7439d3]
V  [jvm.dll+0x23ad74]
V  [jvm.dll+0x375b71]
C  0x00000239e303c224

Java frames: (J=compiled Java code, j=interpreted, Vv=VM code)
j  jdk.internal.loader.URLClassPath$3.run()Ljdk/internal/loader/URLClassPath$Loader;+139 java.base@16.0.1
j  jdk.internal.loader.URLClassPath$3.run()Ljava/lang/Object;+1 java.base@16.0.1
j  java.security.AccessController.executePrivileged(Ljava/security/PrivilegedExceptionAction;Ljava/security/AccessControlContext;Ljava/lang/Class;)Ljava/lang/Object;+29 java.base@16.0.1
j  java.security.AccessController.doPrivileged(Ljava/security/PrivilegedExceptionAction;Ljava/security/AccessControlContext;)Ljava/lang/Object;+13 java.base@16.0.1
j  jdk.internal.loader.URLClassPath.getLoader(Ljava/net/URL;)Ljdk/internal/loader/URLClassPath$Loader;+13 java.base@16.0.1
j  jdk.internal.loader.URLClassPath.getLoader(I)Ljdk/internal/loader/URLClassPath$Loader;+81 java.base@16.0.1
j  jdk.internal.loader.URLClassPath.getResource(Ljava/lang/String;Z)Ljdk/internal/loader/Resource;+42 java.base@16.0.1
j  jdk.internal.loader.BuiltinClassLoader.findClassOnClassPathOrNull(Ljava/lang/String;)Ljava/lang/Class;+26 java.base@16.0.1
j  jdk.internal.loader.BuiltinClassLoader.loadClassOrNull(Ljava/lang/String;Z)Ljava/lang/Class;+111 java.base@16.0.1
j  jdk.internal.loader.BuiltinClassLoader.loadClass(Ljava/lang/String;Z)Ljava/lang/Class;+3 java.base@16.0.1
j  jdk.internal.loader.ClassLoaders$AppClassLoader.loadClass(Ljava/lang/String;Z)Ljava/lang/Class;+36 java.base@16.0.1
j  java.lang.ClassLoader.loadClass(Ljava/lang/String;)Ljava/lang/Class;+3 java.base@16.0.1
v  ~StubRoutines::call_stub
j  java.lang.Class.forName0(Ljava/lang/String;ZLjava/lang/ClassLoader;Ljava/lang/Class;)Ljava/lang/Class;+0 java.base@16.0.1
j  java.lang.Class.forName(Ljava/lang/String;ZLjava/lang/ClassLoader;)Ljava/lang/Class;+43 java.base@16.0.1
j  sun.launcher.LauncherHelper.loadMainClass(ILjava/lang/String;)Ljava/lang/Class;+95 java.base@16.0.1
j  sun.launcher.LauncherHelper.checkAndLoadMain(ZILjava/lang/String;)Ljava/lang/Class;+42 java.base@16.0.1
v  ~StubRoutines::call_stub

---------------  P R O C E S S  ---------------

Threads class SMR info:
_java_thread_list=0x0000023980b57a90, length=12, elements={
0x00000239db896fb0, 0x00000239f970f250, 0x00000239f970fc50, 0x00000239f9729290,
0x00000239f972bca0, 0x00000239f972c6a0, 0x00000239f972e0b0, 0x000002398092a280,
0x000002398092abd0, 0x000002398092d230, 0x0000023980ad8850, 0x0000023980b7c1b0
}

Java Threads: ( => current thread )
=>0x00000239db896fb0 JavaThread "main" [_thread_in_vm, id=29432, stack(0x0000004022500000,0x0000004022600000)]
  0x00000239f970f250 JavaThread "Reference Handler" daemon [_thread_blocked, id=20632, stack(0x0000004022c00000,0x0000004022d00000)]
  0x00000239f970fc50 JavaThread "Finalizer" daemon [_thread_blocked, id=22588, stack(0x0000004022d00000,0x0000004022e00000)]
  0x00000239f9729290 JavaThread "Signal Dispatcher" daemon [_thread_blocked, id=20732, stack(0x0000004022e00000,0x0000004022f00000)]
  0x00000239f972bca0 JavaThread "Attach Listener" daemon [_thread_blocked, id=15248, stack(0x0000004022f00000,0x0000004023000000)]
  0x00000239f972c6a0 JavaThread "Service Thread" daemon [_thread_blocked, id=29576, stack(0x0000004023000000,0x0000004023100000)]
  0x00000239f972e0b0 JavaThread "Monitor Deflation Thread" daemon [_thread_blocked, id=30004, stack(0x0000004023100000,0x0000004023200000)]
  0x000002398092a280 JavaThread "C2 CompilerThread0" daemon [_thread_blocked, id=14076, stack(0x0000004023200000,0x0000004023300000)]
  0x000002398092abd0 JavaThread "C1 CompilerThread0" daemon [_thread_blocked, id=27288, stack(0x0000004023300000,0x0000004023400000)]
  0x000002398092d230 JavaThread "Sweeper thread" daemon [_thread_blocked, id=27656, stack(0x0000004023400000,0x0000004023500000)]
  0x0000023980ad8850 JavaThread "Common-Cleaner" daemon [_thread_blocked, id=14516, stack(0x0000004023500000,0x0000004023600000)]
  0x0000023980b7c1b0 JavaThread "Notification Thread" daemon [_thread_blocked, id=17892, stack(0x0000004023600000,0x0000004023700000)]

Other Threads:
  0x00000239f96fb090 VMThread "VM Thread" [stack: 0x0000004022b00000,0x0000004022c00000] [id=12912]
  0x00000239db8d53a0 GCTaskThread "GC Thread#0" [stack: 0x0000004022600000,0x0000004022700000] [id=29148]
  0x00000239db8e8e90 ConcurrentGCThread "G1 Main Marker" [stack: 0x0000004022700000,0x0000004022800000] [id=24572]
  0x00000239db8e9900 ConcurrentGCThread "G1 Conc#0" [stack: 0x0000004022800000,0x0000004022900000] [id=22444]
  0x00000239f9540090 ConcurrentGCThread "G1 Refine#0" [stack: 0x0000004022900000,0x0000004022a00000] [id=29220]
  0x00000239f9540a10 ConcurrentGCThread "G1 Service" [stack: 0x0000004022a00000,0x0000004022b00000] [id=17404]

Threads with active compile tasks:

VM state: not at safepoint (normal execution)

VM Mutex/Monitor currently owned by a thread:  ([mutex/lock_event])
[0x00000239db892420] MetaspaceExpand_lock - owner thread: 0x00000239db896fb0

Heap address: 0x0000000084c00000, size: 1972 MB, Compressed Oops mode: 32-bit

CDS disabled.
Compressed class space mapped at: 0x0000000100000000-0x0000000140000000, reserved size: 1073741824
Narrow klass base: 0x0000000000000000, Narrow klass shift: 3, Narrow klass range: 0x140000000

GC Precious Log:
 CPUs: 8 total, 8 available
 Memory: 7880M
 Large Page Support: Disabled
 NUMA Support: Disabled
 Compressed Oops: Enabled (32-bit)
 Heap Region Size: 1M
 Heap Min Capacity: 8M
 Heap Initial Capacity: 124M
 Heap Max Capacity: 1972M
 Pre-touch: Disabled
 Parallel Workers: 8
 Concurrent Workers: 2
 Concurrent Refinement Workers: 8
 Periodic GC: Disabled

Heap:
 garbage-first heap   total 126976K, used 1024K [0x0000000084c00000, 0x0000000100000000)
  region size 1024K, 2 young (2048K), 0 survivors (0K)
 Metaspace       used 5871K, committed 5952K, reserved 1056768K
  class space    used 494K, committed 512K, reserved 1048576K

Heap Regions: E=young(eden), S=young(survivor), O=old, HS=humongous(starts), HC=humongous(continues), CS=collection set, F=free, OA=open archive, CA=closed archive, TAMS=top-at-mark-start (previous, next)
|   0|0x0000000084c00000, 0x0000000084c00000, 0x0000000084d00000|  0%| F|  |TAMS 0x0000000084c00000, 0x0000000084c00000| Untracked 
|   1|0x0000000084d00000, 0x0000000084d00000, 0x0000000084e00000|  0%| F|  |TAMS 0x0000000084d00000, 0x0000000084d00000| Untracked 
|   2|0x0000000084e00000, 0x0000000084e00000, 0x0000000084f00000|  0%| F|  |TAMS 0x0000000084e00000, 0x0000000084e00000| Untracked 
|   3|0x0000000084f00000, 0x0000000084f00000, 0x0000000085000000|  0%| F|  |TAMS 0x0000000084f00000, 0x0000000084f00000| Untracked 
|   4|0x0000000085000000, 0x0000000085000000, 0x0000000085100000|  0%| F|  |TAMS 0x0000000085000000, 0x0000000085000000| Untracked 
|   5|0x0000000085100000, 0x0000000085100000, 0x0000000085200000|  0%| F|  |TAMS 0x0000000085100000, 0x0000000085100000| Untracked 
|   6|0x0000000085200000, 0x0000000085200000, 0x0000000085300000|  0%| F|  |TAMS 0x0000000085200000, 0x0000000085200000| Untracked 
|   7|0x0000000085300000, 0x0000000085300000, 0x0000000085400000|  0%| F|  |TAMS 0x0000000085300000, 0x0000000085300000| Untracked 
|   8|0x0000000085400000, 0x0000000085400000, 0x0000000085500000|  0%| F|  |TAMS 0x0000000085400000, 0x0000000085400000| Untracked 
|   9|0x0000000085500000, 0x0000000085500000, 0x0000000085600000|  0%| F|  |TAMS 0x0000000085500000, 0x0000000085500000| Untracked 
|  10|0x0000000085600000, 0x0000000085600000, 0x0000000085700000|  0%| F|  |TAMS 0x0000000085600000, 0x0000000085600000| Untracked 
|  11|0x0000000085700000, 0x0000000085700000, 0x0000000085800000|  0%| F|  |TAMS 0x0000000085700000, 0x0000000085700000| Untracked 
|  12|0x0000000085800000, 0x0000000085800000, 0x0000000085900000|  0%| F|  |TAMS 0x0000000085800000, 0x0000000085800000| Untracked 
|  13|0x0000000085900000, 0x0000000085900000, 0x0000000085a00000|  0%| F|  |TAMS 0x0000000085900000, 0x0000000085900000| Untracked 
|  14|0x0000000085a00000, 0x0000000085a00000, 0x0000000085b00000|  0%| F|  |TAMS 0x0000000085a00000, 0x0000000085a00000| Untracked 
|  15|0x0000000085b00000, 0x0000000085b00000, 0x0000000085c00000|  0%| F|  |TAMS 0x0000000085b00000, 0x0000000085b00000| Untracked 
|  16|0x0000000085c00000, 0x0000000085c00000, 0x0000000085d00000|  0%| F|  |TAMS 0x0000000085c00000, 0x0000000085c00000| Untracked 
|  17|0x0000000085d00000, 0x0000000085d00000, 0x0000000085e00000|  0%| F|  |TAMS 0x0000000085d00000, 0x0000000085d00000| Untracked 
|  18|0x0000000085e00000, 0x0000000085e00000, 0x0000000085f00000|  0%| F|  |TAMS 0x0000000085e00000, 0x0000000085e00000| Untracked 
|  19|0x0000000085f00000, 0x0000000085f00000, 0x0000000086000000|  0%| F|  |TAMS 0x0000000085f00000, 0x0000000085f00000| Untracked 
|  20|0x0000000086000000, 0x0000000086000000, 0x0000000086100000|  0%| F|  |TAMS 0x0000000086000000, 0x0000000086000000| Untracked 
|  21|0x0000000086100000, 0x0000000086100000, 0x0000000086200000|  0%| F|  |TAMS 0x0000000086100000, 0x0000000086100000| Untracked 
|  22|0x0000000086200000, 0x0000000086200000, 0x0000000086300000|  0%| F|  |TAMS 0x0000000086200000, 0x0000000086200000| Untracked 
|  23|0x0000000086300000, 0x0000000086300000, 0x0000000086400000|  0%| F|  |TAMS 0x0000000086300000, 0x0000000086300000| Untracked 
|  24|0x0000000086400000, 0x0000000086400000, 0x0000000086500000|  0%| F|  |TAMS 0x0000000086400000, 0x0000000086400000| Untracked 
|  25|0x0000000086500000, 0x0000000086500000, 0x0000000086600000|  0%| F|  |TAMS 0x0000000086500000, 0x0000000086500000| Untracked 
|  26|0x0000000086600000, 0x0000000086600000, 0x0000000086700000|  0%| F|  |TAMS 0x0000000086600000, 0x0000000086600000| Untracked 
|  27|0x0000000086700000, 0x0000000086700000, 0x0000000086800000|  0%| F|  |TAMS 0x0000000086700000, 0x0000000086700000| Untracked 
|  28|0x0000000086800000, 0x0000000086800000, 0x0000000086900000|  0%| F|  |TAMS 0x0000000086800000, 0x0000000086800000| Untracked 
|  29|0x0000000086900000, 0x0000000086900000, 0x0000000086a00000|  0%| F|  |TAMS 0x0000000086900000, 0x0000000086900000| Untracked 
|  30|0x0000000086a00000, 0x0000000086a00000, 0x0000000086b00000|  0%| F|  |TAMS 0x0000000086a00000, 0x0000000086a00000| Untracked 
|  31|0x0000000086b00000, 0x0000000086b00000, 0x0000000086c00000|  0%| F|  |TAMS 0x0000000086b00000, 0x0000000086b00000| Untracked 
|  32|0x0000000086c00000, 0x0000000086c00000, 0x0000000086d00000|  0%| F|  |TAMS 0x0000000086c00000, 0x0000000086c00000| Untracked 
|  33|0x0000000086d00000, 0x0000000086d00000, 0x0000000086e00000|  0%| F|  |TAMS 0x0000000086d00000, 0x0000000086d00000| Untracked 
|  34|0x0000000086e00000, 0x0000000086e00000, 0x0000000086f00000|  0%| F|  |TAMS 0x0000000086e00000, 0x0000000086e00000| Untracked 
|  35|0x0000000086f00000, 0x0000000086f00000, 0x0000000087000000|  0%| F|  |TAMS 0x0000000086f00000, 0x0000000086f00000| Untracked 
|  36|0x0000000087000000, 0x0000000087000000, 0x0000000087100000|  0%| F|  |TAMS 0x0000000087000000, 0x0000000087000000| Untracked 
|  37|0x0000000087100000, 0x0000000087100000, 0x0000000087200000|  0%| F|  |TAMS 0x0000000087100000, 0x0000000087100000| Untracked 
|  38|0x0000000087200000, 0x0000000087200000, 0x0000000087300000|  0%| F|  |TAMS 0x0000000087200000, 0x0000000087200000| Untracked 
|  39|0x0000000087300000, 0x0000000087300000, 0x0000000087400000|  0%| F|  |TAMS 0x0000000087300000, 0x0000000087300000| Untracked 
|  40|0x0000000087400000, 0x0000000087400000, 0x0000000087500000|  0%| F|  |TAMS 0x0000000087400000, 0x0000000087400000| Untracked 
|  41|0x0000000087500000, 0x0000000087500000, 0x0000000087600000|  0%| F|  |TAMS 0x0000000087500000, 0x0000000087500000| Untracked 
|  42|0x0000000087600000, 0x0000000087600000, 0x0000000087700000|  0%| F|  |TAMS 0x0000000087600000, 0x0000000087600000| Untracked 
|  43|0x0000000087700000, 0x0000000087700000, 0x0000000087800000|  0%| F|  |TAMS 0x0000000087700000, 0x0000000087700000| Untracked 
|  44|0x0000000087800000, 0x0000000087800000, 0x0000000087900000|  0%| F|  |TAMS 0x0000000087800000, 0x0000000087800000| Untracked 
|  45|0x0000000087900000, 0x0000000087900000, 0x0000000087a00000|  0%| F|  |TAMS 0x0000000087900000, 0x0000000087900000| Untracked 
|  46|0x0000000087a00000, 0x0000000087a00000, 0x0000000087b00000|  0%| F|  |TAMS 0x0000000087a00000, 0x0000000087a00000| Untracked 
|  47|0x0000000087b00000, 0x0000000087b00000, 0x0000000087c00000|  0%| F|  |TAMS 0x0000000087b00000, 0x0000000087b00000| Untracked 
|  48|0x0000000087c00000, 0x0000000087c00000, 0x0000000087d00000|  0%| F|  |TAMS 0x0000000087c00000, 0x0000000087c00000| Untracked 
|  49|0x0000000087d00000, 0x0000000087d00000, 0x0000000087e00000|  0%| F|  |TAMS 0x0000000087d00000, 0x0000000087d00000| Untracked 
|  50|0x0000000087e00000, 0x0000000087e00000, 0x0000000087f00000|  0%| F|  |TAMS 0x0000000087e00000, 0x0000000087e00000| Untracked 
|  51|0x0000000087f00000, 0x0000000087f00000, 0x0000000088000000|  0%| F|  |TAMS 0x0000000087f00000, 0x0000000087f00000| Untracked 
|  52|0x0000000088000000, 0x0000000088000000, 0x0000000088100000|  0%| F|  |TAMS 0x0000000088000000, 0x0000000088000000| Untracked 
|  53|0x0000000088100000, 0x0000000088100000, 0x0000000088200000|  0%| F|  |TAMS 0x0000000088100000, 0x0000000088100000| Untracked 
|  54|0x0000000088200000, 0x0000000088200000, 0x0000000088300000|  0%| F|  |TAMS 0x0000000088200000, 0x0000000088200000| Untracked 
|  55|0x0000000088300000, 0x0000000088300000, 0x0000000088400000|  0%| F|  |TAMS 0x0000000088300000, 0x0000000088300000| Untracked 
|  56|0x0000000088400000, 0x0000000088400000, 0x0000000088500000|  0%| F|  |TAMS 0x0000000088400000, 0x0000000088400000| Untracked 
|  57|0x0000000088500000, 0x0000000088500000, 0x0000000088600000|  0%| F|  |TAMS 0x0000000088500000, 0x0000000088500000| Untracked 
|  58|0x0000000088600000, 0x0000000088600000, 0x0000000088700000|  0%| F|  |TAMS 0x0000000088600000, 0x0000000088600000| Untracked 
|  59|0x0000000088700000, 0x0000000088700000, 0x0000000088800000|  0%| F|  |TAMS 0x0000000088700000, 0x0000000088700000| Untracked 
|  60|0x0000000088800000, 0x0000000088800000, 0x0000000088900000|  0%| F|  |TAMS 0x0000000088800000, 0x0000000088800000| Untracked 
|  61|0x0000000088900000, 0x0000000088900000, 0x0000000088a00000|  0%| F|  |TAMS 0x0000000088900000, 0x0000000088900000| Untracked 
|  62|0x0000000088a00000, 0x0000000088a00000, 0x0000000088b00000|  0%| F|  |TAMS 0x0000000088a00000, 0x0000000088a00000| Untracked 
|  63|0x0000000088b00000, 0x0000000088b00000, 0x0000000088c00000|  0%| F|  |TAMS 0x0000000088b00000, 0x0000000088b00000| Untracked 
|  64|0x0000000088c00000, 0x0000000088c00000, 0x0000000088d00000|  0%| F|  |TAMS 0x0000000088c00000, 0x0000000088c00000| Untracked 
|  65|0x0000000088d00000, 0x0000000088d00000, 0x0000000088e00000|  0%| F|  |TAMS 0x0000000088d00000, 0x0000000088d00000| Untracked 
|  66|0x0000000088e00000, 0x0000000088e00000, 0x0000000088f00000|  0%| F|  |TAMS 0x0000000088e00000, 0x0000000088e00000| Untracked 
|  67|0x0000000088f00000, 0x0000000088f00000, 0x0000000089000000|  0%| F|  |TAMS 0x0000000088f00000, 0x0000000088f00000| Untracked 
|  68|0x0000000089000000, 0x0000000089000000, 0x0000000089100000|  0%| F|  |TAMS 0x0000000089000000, 0x0000000089000000| Untracked 
|  69|0x0000000089100000, 0x0000000089100000, 0x0000000089200000|  0%| F|  |TAMS 0x0000000089100000, 0x0000000089100000| Untracked 
|  70|0x0000000089200000, 0x0000000089200000, 0x0000000089300000|  0%| F|  |TAMS 0x0000000089200000, 0x0000000089200000| Untracked 
|  71|0x0000000089300000, 0x0000000089300000, 0x0000000089400000|  0%| F|  |TAMS 0x0000000089300000, 0x0000000089300000| Untracked 
|  72|0x0000000089400000, 0x0000000089400000, 0x0000000089500000|  0%| F|  |TAMS 0x0000000089400000, 0x0000000089400000| Untracked 
|  73|0x0000000089500000, 0x0000000089500000, 0x0000000089600000|  0%| F|  |TAMS 0x0000000089500000, 0x0000000089500000| Untracked 
|  74|0x0000000089600000, 0x0000000089600000, 0x0000000089700000|  0%| F|  |TAMS 0x0000000089600000, 0x0000000089600000| Untracked 
|  75|0x0000000089700000, 0x0000000089700000, 0x0000000089800000|  0%| F|  |TAMS 0x0000000089700000, 0x0000000089700000| Untracked 
|  76|0x0000000089800000, 0x0000000089800000, 0x0000000089900000|  0%| F|  |TAMS 0x0000000089800000, 0x0000000089800000| Untracked 
|  77|0x0000000089900000, 0x0000000089900000, 0x0000000089a00000|  0%| F|  |TAMS 0x0000000089900000, 0x0000000089900000| Untracked 
|  78|0x0000000089a00000, 0x0000000089a00000, 0x0000000089b00000|  0%| F|  |TAMS 0x0000000089a00000, 0x0000000089a00000| Untracked 
|  79|0x0000000089b00000, 0x0000000089b00000, 0x0000000089c00000|  0%| F|  |TAMS 0x0000000089b00000, 0x0000000089b00000| Untracked 
|  80|0x0000000089c00000, 0x0000000089c00000, 0x0000000089d00000|  0%| F|  |TAMS 0x0000000089c00000, 0x0000000089c00000| Untracked 
|  81|0x0000000089d00000, 0x0000000089d00000, 0x0000000089e00000|  0%| F|  |TAMS 0x0000000089d00000, 0x0000000089d00000| Untracked 
|  82|0x0000000089e00000, 0x0000000089e00000, 0x0000000089f00000|  0%| F|  |TAMS 0x0000000089e00000, 0x0000000089e00000| Untracked 
|  83|0x0000000089f00000, 0x0000000089f00000, 0x000000008a000000|  0%| F|  |TAMS 0x0000000089f00000, 0x0000000089f00000| Untracked 
|  84|0x000000008a000000, 0x000000008a000000, 0x000000008a100000|  0%| F|  |TAMS 0x000000008a000000, 0x000000008a000000| Untracked 
|  85|0x000000008a100000, 0x000000008a100000, 0x000000008a200000|  0%| F|  |TAMS 0x000000008a100000, 0x000000008a100000| Untracked 
|  86|0x000000008a200000, 0x000000008a200000, 0x000000008a300000|  0%| F|  |TAMS 0x000000008a200000, 0x000000008a200000| Untracked 
|  87|0x000000008a300000, 0x000000008a300000, 0x000000008a400000|  0%| F|  |TAMS 0x000000008a300000, 0x000000008a300000| Untracked 
|  88|0x000000008a400000, 0x000000008a400000, 0x000000008a500000|  0%| F|  |TAMS 0x000000008a400000, 0x000000008a400000| Untracked 
|  89|0x000000008a500000, 0x000000008a500000, 0x000000008a600000|  0%| F|  |TAMS 0x000000008a500000, 0x000000008a500000| Untracked 
|  90|0x000000008a600000, 0x000000008a600000, 0x000000008a700000|  0%| F|  |TAMS 0x000000008a600000, 0x000000008a600000| Untracked 
|  91|0x000000008a700000, 0x000000008a700000, 0x000000008a800000|  0%| F|  |TAMS 0x000000008a700000, 0x000000008a700000| Untracked 
|  92|0x000000008a800000, 0x000000008a800000, 0x000000008a900000|  0%| F|  |TAMS 0x000000008a800000, 0x000000008a800000| Untracked 
|  93|0x000000008a900000, 0x000000008a900000, 0x000000008aa00000|  0%| F|  |TAMS 0x000000008a900000, 0x000000008a900000| Untracked 
|  94|0x000000008aa00000, 0x000000008aa00000, 0x000000008ab00000|  0%| F|  |TAMS 0x000000008aa00000, 0x000000008aa00000| Untracked 
|  95|0x000000008ab00000, 0x000000008ab00000, 0x000000008ac00000|  0%| F|  |TAMS 0x000000008ab00000, 0x000000008ab00000| Untracked 
|  96|0x000000008ac00000, 0x000000008ac00000, 0x000000008ad00000|  0%| F|  |TAMS 0x000000008ac00000, 0x000000008ac00000| Untracked 
|  97|0x000000008ad00000, 0x000000008ad00000, 0x000000008ae00000|  0%| F|  |TAMS 0x000000008ad00000, 0x000000008ad00000| Untracked 
|  98|0x000000008ae00000, 0x000000008ae00000, 0x000000008af00000|  0%| F|  |TAMS 0x000000008ae00000, 0x000000008ae00000| Untracked 
|  99|0x000000008af00000, 0x000000008af00000, 0x000000008b000000|  0%| F|  |TAMS 0x000000008af00000, 0x000000008af00000| Untracked 
| 100|0x000000008b000000, 0x000000008b000000, 0x000000008b100000|  0%| F|  |TAMS 0x000000008b000000, 0x000000008b000000| Untracked 
| 101|0x000000008b100000, 0x000000008b100000, 0x000000008b200000|  0%| F|  |TAMS 0x000000008b100000, 0x000000008b100000| Untracked 
| 102|0x000000008b200000, 0x000000008b200000, 0x000000008b300000|  0%| F|  |TAMS 0x000000008b200000, 0x000000008b200000| Untracked 
| 103|0x000000008b300000, 0x000000008b300000, 0x000000008b400000|  0%| F|  |TAMS 0x000000008b300000, 0x000000008b300000| Untracked 
| 104|0x000000008b400000, 0x000000008b400000, 0x000000008b500000|  0%| F|  |TAMS 0x000000008b400000, 0x000000008b400000| Untracked 
| 105|0x000000008b500000, 0x000000008b500000, 0x000000008b600000|  0%| F|  |TAMS 0x000000008b500000, 0x000000008b500000| Untracked 
| 106|0x000000008b600000, 0x000000008b600000, 0x000000008b700000|  0%| F|  |TAMS 0x000000008b600000, 0x000000008b600000| Untracked 
| 107|0x000000008b700000, 0x000000008b700000, 0x000000008b800000|  0%| F|  |TAMS 0x000000008b700000, 0x000000008b700000| Untracked 
| 108|0x000000008b800000, 0x000000008b800000, 0x000000008b900000|  0%| F|  |TAMS 0x000000008b800000, 0x000000008b800000| Untracked 
| 109|0x000000008b900000, 0x000000008b900000, 0x000000008ba00000|  0%| F|  |TAMS 0x000000008b900000, 0x000000008b900000| Untracked 
| 110|0x000000008ba00000, 0x000000008ba00000, 0x000000008bb00000|  0%| F|  |TAMS 0x000000008ba00000, 0x000000008ba00000| Untracked 
| 111|0x000000008bb00000, 0x000000008bb00000, 0x000000008bc00000|  0%| F|  |TAMS 0x000000008bb00000, 0x000000008bb00000| Untracked 
| 112|0x000000008bc00000, 0x000000008bc00000, 0x000000008bd00000|  0%| F|  |TAMS 0x000000008bc00000, 0x000000008bc00000| Untracked 
| 113|0x000000008bd00000, 0x000000008bd00000, 0x000000008be00000|  0%| F|  |TAMS 0x000000008bd00000, 0x000000008bd00000| Untracked 
| 114|0x000000008be00000, 0x000000008be00000, 0x000000008bf00000|  0%| F|  |TAMS 0x000000008be00000, 0x000000008be00000| Untracked 
| 115|0x000000008bf00000, 0x000000008bf00000, 0x000000008c000000|  0%| F|  |TAMS 0x000000008bf00000, 0x000000008bf00000| Untracked 
| 116|0x000000008c000000, 0x000000008c000000, 0x000000008c100000|  0%| F|  |TAMS 0x000000008c000000, 0x000000008c000000| Untracked 
| 117|0x000000008c100000, 0x000000008c100000, 0x000000008c200000|  0%| F|  |TAMS 0x000000008c100000, 0x000000008c100000| Untracked 
| 118|0x000000008c200000, 0x000000008c200000, 0x000000008c300000|  0%| F|  |TAMS 0x000000008c200000, 0x000000008c200000| Untracked 
| 119|0x000000008c300000, 0x000000008c300000, 0x000000008c400000|  0%| F|  |TAMS 0x000000008c300000, 0x000000008c300000| Untracked 
| 120|0x000000008c400000, 0x000000008c400000, 0x000000008c500000|  0%| F|  |TAMS 0x000000008c400000, 0x000000008c400000| Untracked 
| 121|0x000000008c500000, 0x000000008c500000, 0x000000008c600000|  0%| F|  |TAMS 0x000000008c500000, 0x000000008c500000| Untracked 
| 122|0x000000008c600000, 0x000000008c6ec0e0, 0x000000008c700000| 92%| E|  |TAMS 0x000000008c600000, 0x000000008c600000| Complete 
| 123|0x000000008c700000, 0x000000008c800000, 0x000000008c800000|100%| E|CS|TAMS 0x000000008c700000, 0x000000008c700000| Complete 

Card table byte_map: [0x00000239f2740000,0x00000239f2b20000] _byte_map_base: 0x00000239f231a000

Marking Bits (Prev, Next): (CMBitMap*) 0x00000239db8d7a30, (CMBitMap*) 0x00000239db8d7a70
 Prev Bits: [0x00000239f2f00000, 0x00000239f4dd0000)
 Next Bits: [0x00000239f4dd0000, 0x00000239f6ca0000)

Polling page: 0x00000239d9860000

Metaspace:

Usage:
  Non-class:      5.25 MB used.
      Class:    494.92 KB used.
       Both:      5.73 MB used.

Virtual space:
  Non-class space:        8.00 MB reserved,       5.31 MB ( 66%) committed,  1 nodes.
      Class space:        1.00 GB reserved,     512.00 KB ( <1%) committed,  1 nodes.
              Both:        1.01 GB reserved,       5.81 MB ( <1%) committed. 

Chunk freelists:
   Non-Class:  2.50 MB
       Class:  3.51 MB
        Both:  6.01 MB

MaxMetaspaceSize: 17179869184.00 GB
CompressedClassSpaceSize: 1.00 GB
 - commit_granule_bytes: 65536.
 - commit_granule_words: 8192.
 - virtual_space_node_default_size: 1048576.
 - enlarge_chunks_in_place: 1.
 - new_chunks_are_fully_committed: 0.
 - uncommit_free_chunks: 1.
 - use_allocation_guard: 0.
 - handle_deallocations: 1.


Internal statistics:

num_allocs_failed_limit: 0.
num_arena_births: 4.
num_arena_deaths: 0.
num_vsnodes_births: 2.
num_vsnodes_deaths: 0.
num_space_committed: 93.
num_space_uncommitted: 0.
num_chunks_returned_to_freelist: 0.
num_chunks_taken_from_freelist: 11.
num_chunk_merges: 0.
num_chunk_splits: 3.
num_chunks_enlarged: 1.
num_purges: 0.

CodeHeap 'non-profiled nmethods': size=120000Kb used=61Kb max_used=61Kb free=119939Kb
 bounds [0x00000239eaaf0000, 0x00000239ead60000, 0x00000239f2020000]
CodeHeap 'profiled nmethods': size=120000Kb used=193Kb max_used=193Kb free=119807Kb
 bounds [0x00000239e35c0000, 0x00000239e3830000, 0x00000239eaaf0000]
CodeHeap 'non-nmethods': size=5760Kb used=1098Kb max_used=1114Kb free=4661Kb
 bounds [0x00000239e3020000, 0x00000239e3290000, 0x00000239e35c0000]
 total_blobs=532 nmethods=179 adapters=266
 compilation: enabled
              stopped_count=0, restarted_count=0
 full_count=0

Compilation events (20 events):
Event: 0.407 Thread 0x000002398092abd0  163       1       java.util.KeyValueHolder::getValue (5 bytes)
Event: 0.408 Thread 0x000002398092a280 nmethod 160 0x00000239eaafbb90 code [0x00000239eaafbd20, 0x00000239eaafbe38]
Event: 0.408 Thread 0x000002398092abd0 nmethod 163 0x00000239eaafbf90 code [0x00000239eaafc120, 0x00000239eaafc1f8]
Event: 0.408 Thread 0x000002398092a280  172       4       java.util.HashMap::putVal (300 bytes)
Event: 0.408 Thread 0x000002398092abd0  158       1       java.lang.module.ModuleDescriptor::uses (5 bytes)
Event: 0.408 Thread 0x000002398092abd0 nmethod 158 0x00000239eaafc290 code [0x00000239eaafc420, 0x00000239eaafc4f8]
Event: 0.408 Thread 0x000002398092abd0  157       1       java.util.HashMap$Node::getKey (5 bytes)
Event: 0.408 Thread 0x000002398092abd0 nmethod 157 0x00000239eaafc590 code [0x00000239eaafc720, 0x00000239eaafc7f8]
Event: 0.408 Thread 0x000002398092abd0  159       1       java.util.HashMap$Node::getValue (5 bytes)
Event: 0.408 Thread 0x000002398092abd0 nmethod 159 0x00000239eaafc890 code [0x00000239eaafca20, 0x00000239eaafcaf8]
Event: 0.408 Thread 0x000002398092abd0  175       1       java.lang.module.ModuleDescriptor::isOpen (5 bytes)
Event: 0.408 Thread 0x000002398092abd0 nmethod 175 0x00000239eaafcb90 code [0x00000239eaafcd20, 0x00000239eaafcdf8]
Event: 0.408 Thread 0x000002398092abd0  178       1       java.util.HashMap::size (5 bytes)
Event: 0.408 Thread 0x000002398092abd0 nmethod 178 0x00000239eaafce90 code [0x00000239eaafd020, 0x00000239eaafd0f8]
Event: 0.408 Thread 0x000002398092abd0  153       1       java.lang.module.ModuleDescriptor::provides (5 bytes)
Event: 0.408 Thread 0x000002398092abd0 nmethod 153 0x00000239eaafd190 code [0x00000239eaafd320, 0x00000239eaafd3f8]
Event: 0.408 Thread 0x000002398092abd0  171       1       java.lang.module.ModuleDescriptor$Version::toString (5 bytes)
Event: 0.408 Thread 0x000002398092abd0 nmethod 171 0x00000239eaafd490 code [0x00000239eaafd620, 0x00000239eaafd6f8]
Event: 0.408 Thread 0x000002398092abd0  179       1       java.lang.module.ModuleDescriptor$Provides::service (5 bytes)
Event: 0.408 Thread 0x000002398092abd0 nmethod 179 0x00000239eaafd790 code [0x00000239eaafd920, 0x00000239eaafd9f8]

GC Heap History (0 events):
No events

Deoptimization events (0 events):
No events

Classes unloaded (0 events):
No events

Classes redefined (0 events):
No events

Internal exceptions (4 events):
Event: 0.388 Thread 0x00000239db896fb0 Exception <a 'sun/nio/fs/WindowsException'{0x000000008c659358}> (0x000000008c659358) 
thrown [t:\workspace\open\src\hotspot\share\prims\jni.cpp, line 579]
Event: 0.389 Thread 0x00000239db896fb0 Exception <a 'sun/nio/fs/WindowsException'{0x000000008c659918}> (0x000000008c659918) 
thrown [t:\workspace\open\src\hotspot\share\prims\jni.cpp, line 579]
Event: 0.391 Thread 0x00000239db896fb0 Exception <a 'sun/nio/fs/WindowsException'{0x000000008c65e9e0}> (0x000000008c65e9e0) 
thrown [t:\workspace\open\src\hotspot\share\prims\jni.cpp, line 579]
Event: 0.391 Thread 0x00000239db896fb0 Exception <a 'sun/nio/fs/WindowsException'{0x000000008c65f588}> (0x000000008c65f588) 
thrown [t:\workspace\open\src\hotspot\share\prims\jni.cpp, line 579]

Events (20 events):
Event: 0.415 loading class java/lang/StringCoding done
Event: 0.415 loading class java/lang/StringCoding$1
Event: 0.415 loading class java/lang/StringCoding$1 done
Event: 0.415 loading class java/lang/StringCoding$StringDecoder
Event: 0.416 loading class java/lang/StringCoding$StringDecoder done
Event: 0.416 loading class sun/nio/cs/SingleByte$Decoder
Event: 0.416 loading class sun/nio/cs/ArrayDecoder
Event: 0.416 loading class sun/nio/cs/ArrayDecoder done
Event: 0.416 loading class java/nio/charset/CharsetDecoder
Event: 0.416 loading class java/nio/charset/CharsetDecoder done
Event: 0.416 loading class sun/nio/cs/SingleByte$Decoder done
Event: 0.416 loading class java/lang/StringCoding$Result
Event: 0.416 loading class java/lang/StringCoding$Result done
Event: 0.416 loading class sun/net/util/URLUtil
Event: 0.416 loading class sun/net/util/URLUtil done
Event: 0.417 loading class jdk/internal/loader/URLClassPath$3
Event: 0.417 loading class java/security/PrivilegedExceptionAction
Event: 0.417 loading class java/security/PrivilegedExceptionAction done
Event: 0.417 loading class jdk/internal/loader/URLClassPath$3 done
Event: 0.417 loading class jdk/internal/loader/URLClassPath$JarLoader


Dynamic libraries:
0x00007ff6b4620000 - 0x00007ff6b4630000 	C:\Program Files\Java\jdk-16.0.1\bin\java.exe
0x00007ffc7e590000 - 0x00007ffc7e785000 	C:\WINDOWS\SYSTEM32\ntdll.dll
0x00007ffc7d610000 - 0x00007ffc7d6cd000 	C:\WINDOWS\System32\KERNEL32.DLL
0x00007ffc7be10000 - 0x00007ffc7c0d8000 	C:\WINDOWS\System32\KERNELBASE.dll
0x00007ffc7c320000 - 0x00007ffc7c420000 	C:\WINDOWS\System32\ucrtbase.dll
0x00007ffc60210000 - 0x00007ffc60228000 	C:\Program Files\Java\jdk-16.0.1\bin\jli.dll
0x00007ffc74e90000 - 0x00007ffc74ea9000 	C:\Program Files\Java\jdk-16.0.1\bin\VCRUNTIME140.dll
0x00007ffc7d430000 - 0x00007ffc7d4dc000 	C:\WINDOWS\System32\ADVAPI32.dll
0x00007ffc7cb80000 - 0x00007ffc7cc1e000 	C:\WINDOWS\System32\msvcrt.dll
0x00007ffc7cd80000 - 0x00007ffc7ce1b000 	C:\WINDOWS\System32\sechost.dll
0x00007ffc7d4e0000 - 0x00007ffc7d60b000 	C:\WINDOWS\System32\RPCRT4.dll
0x00007ffc7d290000 - 0x00007ffc7d430000 	C:\WINDOWS\System32\USER32.dll
0x00007ffc7bcd0000 - 0x00007ffc7bcf2000 	C:\WINDOWS\System32\win32u.dll
0x00007ffc7c8e0000 - 0x00007ffc7c90a000 	C:\WINDOWS\System32\GDI32.dll
0x00007ffc7bd00000 - 0x00007ffc7be0b000 	C:\WINDOWS\System32\gdi32full.dll
0x00007ffc60eb0000 - 0x00007ffc6114a000 	C:\WINDOWS\WinSxS\amd64_microsoft.windows.common-controls_6595b64144ccf1df_6.0.19041.844_none_ca00b6081b84eb1d\COMCTL32.dll
0x00007ffc7c470000 - 0x00007ffc7c50d000 	C:\WINDOWS\System32\msvcp_win.dll
0x00007ffc76000000 - 0x00007ffc7600a000 	C:\WINDOWS\SYSTEM32\VERSION.dll
0x00007ffc7d6d0000 - 0x00007ffc7d700000 	C:\WINDOWS\System32\IMM32.DLL
0x00007ffc76070000 - 0x00007ffc7607c000 	C:\Program Files\Java\jdk-16.0.1\bin\vcruntime140_1.dll
0x00007ffc4a420000 - 0x00007ffc4a4b1000 	C:\Program Files\Java\jdk-16.0.1\bin\msvcp140.dll
0x00007ffc1ee00000 - 0x00007ffc1f9ab000 	C:\Program Files\Java\jdk-16.0.1\bin\server\jvm.dll
0x00007ffc7e540000 - 0x00007ffc7e548000 	C:\WINDOWS\System32\PSAPI.DLL
0x00007ffc68680000 - 0x00007ffc686a7000 	C:\WINDOWS\SYSTEM32\WINMM.dll
0x00007ffc773b0000 - 0x00007ffc773b9000 	C:\WINDOWS\SYSTEM32\WSOCK32.dll
0x00007ffc7cd10000 - 0x00007ffc7cd7b000 	C:\WINDOWS\System32\WS2_32.dll
0x00007ffc7a5a0000 - 0x00007ffc7a5b2000 	C:\WINDOWS\SYSTEM32\kernel.appcore.dll
0x00007ffc74c00000 - 0x00007ffc74c0a000 	C:\Program Files\Java\jdk-16.0.1\bin\jimage.dll
0x00007ffc79bf0000 - 0x00007ffc79dd4000 	C:\WINDOWS\SYSTEM32\DBGHELP.DLL
0x00007ffc6a450000 - 0x00007ffc6a47c000 	C:\WINDOWS\SYSTEM32\dbgcore.DLL
0x00007ffc7c510000 - 0x00007ffc7c590000 	C:\WINDOWS\System32\bcryptPrimitives.dll
0x00007ffc647c0000 - 0x00007ffc647e5000 	C:\Program Files\Java\jdk-16.0.1\bin\java.dll
0x00007ffc7d970000 - 0x00007ffc7e0b2000 	C:\WINDOWS\System32\SHELL32.dll
0x00007ffc79e00000 - 0x00007ffc7a590000 	C:\WINDOWS\SYSTEM32\windows.storage.dll
0x00007ffc7e0c0000 - 0x00007ffc7e415000 	C:\WINDOWS\System32\combase.dll
0x00007ffc7b670000 - 0x00007ffc7b69c000 	C:\WINDOWS\SYSTEM32\Wldp.dll
0x00007ffc7d8c0000 - 0x00007ffc7d96e000 	C:\WINDOWS\System32\SHCORE.dll
0x00007ffc7ccb0000 - 0x00007ffc7cd05000 	C:\WINDOWS\System32\shlwapi.dll
0x00007ffc7bc10000 - 0x00007ffc7bc2f000 	C:\WINDOWS\SYSTEM32\profapi.dll
0x00007ffc69880000 - 0x00007ffc69899000 	C:\Program Files\Java\jdk-16.0.1\bin\net.dll
0x00007ffc6c0b0000 - 0x00007ffc6c1bb000 	C:\WINDOWS\SYSTEM32\WINHTTP.dll
0x00007ffc7b3e0000 - 0x00007ffc7b44a000 	C:\WINDOWS\system32\mswsock.dll
0x00007ffc65030000 - 0x00007ffc65043000 	C:\Program Files\Java\jdk-16.0.1\bin\nio.dll

dbghelp: loaded successfully - version: 4.0.5 - missing functions: none
symbol engine: initialized successfully - sym options: 0x614 - pdb path: .;C:\Program Files\Java\jdk-16.0.1\bin;C:\WINDOWS\SYSTEM32;C:\WINDOWS\WinSxS\amd64_microsoft.windows.common-controls_6595b64144ccf1df_6.0.19041.844_none_ca00b6081b84eb1d;C:\Program Files\Java\jdk-16.0.1\bin\server

VM Arguments:
jvm_args: -Dfile.encoding=UTF-8 --module-path=C:\Users\mahaj\OneDrive\Documents\NetBeansProjects\Library.Management.System\build\classes 
java_command: aboutUs
java_class_path (initial): C:\Users\mahaj\Downloads\mysql-connector-java-8.0.21\mysql-connector-java-8.0.21.jar;C:\Users\mahaj\Downloads\jar_files\jcalendar-1.2.2.jar;C:\Users\mahaj\Downloads\rs2xml.jar;C:\Users\mahaj\OneDrive\Documents\NetBeansProjects\Library.Management.System\build\classes
Launcher Type: SUN_STANDARD

[Global flags]
     intx CICompilerCount                          = 4                                         {product} {ergonomic}
     uint ConcGCThreads                            = 2                                         {product} {ergonomic}
     uint G1ConcRefinementThreads                  = 8                                         {product} {ergonomic}
   size_t G1HeapRegionSize                         = 1048576                                   {product} {ergonomic}
    uintx GCDrainStackTargetSize                   = 64                                        {product} {ergonomic}
   size_t InitialHeapSize                          = 130023424                                 {product} {ergonomic}
   size_t MarkStackSize                            = 4194304                                   {product} {ergonomic}
   size_t MaxHeapSize                              = 2067791872                                {product} {ergonomic}
   size_t MaxNewSize                               = 1240465408                                {product} {ergonomic}
   size_t MinHeapDeltaBytes                        = 1048576                                   {product} {ergonomic}
   size_t MinHeapSize                              = 8388608                                   {product} {ergonomic}
    uintx NonNMethodCodeHeapSize                   = 5839372                                {pd product} {ergonomic}
    uintx NonProfiledCodeHeapSize                  = 122909434                              {pd product} {ergonomic}
    uintx ProfiledCodeHeapSize                     = 122909434                              {pd product} {ergonomic}
    uintx ReservedCodeCacheSize                    = 251658240                              {pd product} {ergonomic}
     bool SegmentedCodeCache                       = true                                      {product} {ergonomic}
   size_t SoftMaxHeapSize                          = 2067791872                             {manageable} {ergonomic}
     bool UseCompressedClassPointers               = true                           {product lp64_product} {ergonomic}
     bool UseCompressedOops                        = true                           {product lp64_product} {ergonomic}
     bool UseG1GC                                  = true                                      {product} {ergonomic}
     bool UseLargePagesIndividualAllocation        = false                                  {pd product} {ergonomic}

Logging:
Log output configuration:
 #0: stdout all=warning uptime,level,tags
 #1: stderr all=off uptime,level,tags

Environment Variables:
PATH=C:\Program Files\Common Files\Oracle\Java\javapath;C:\WINDOWS\system32;C:\WINDOWS;C:\WINDOWS\System32\Wbem;C:\WINDOWS\System32\WindowsPowerShell\v1.0\;C:\WINDOWS\System32\OpenSSH\;C:\Program Files\Java\jdk-16.0.1\bin;C:\Users\mahaj\AppData\Local\Microsoft\WindowsApps;
USERNAME=mahaj
OS=Windows_NT
PROCESSOR_IDENTIFIER=Intel64 Family 6 Model 126 Stepping 5, GenuineIntel



---------------  S Y S T E M  ---------------

OS:
 Windows 10 , 64 bit Build 19041 (10.0.19041.928)
OS uptime: 4 days 7:30 hours

CPU: total 8 (initial active 8) (4 cores per cpu, 2 threads per core) family 6 model 126 stepping 5 microcode 0xa0, cx8, cmov, fxsr, ht, mmx, 3dnowpref, sse, sse2, sse3, ssse3, sse4.1, sse4.2, popcnt, lzcnt, tsc, tscinvbit, avx, avx2, aes, erms, clmul, bmi1, bmi2, adx, avx512f, avx512dq, avx512cd, avx512bw, avx512vl, sha, fma, vzeroupper, avx512_vpopcntdq, avx512_vpclmulqdq, avx512_vaes, avx512_vnni, clflush, clflushopt, avx512_vmbi2, avx512_vmbi

Memory: 4k page, system-wide physical 7880M (278M free)
TotalPageFile size 32456M (AvailPageFile size 0M)
current process WorkingSet (physical memory assigned to process): 30M, peak: 30M
current process commit charge ("private bytes"): 201M, peak: 201M

vm_info: Java HotSpot(TM) 64-Bit Server VM (16.0.1+9-24) for windows-amd64 JRE (16.0.1+9-24), built on Mar 26 2021 19:31:42 by "mach5one" with MS VC++ 16.7 (VS2019)

END.
