#
# A fatal error has been detected by the Java Runtime Environment:
#
#  EXCEPTION_ACCESS_VIOLATION (0xc0000005) at pc=0x00007ffbf1e728c8, pid=32080, tid=32400
#
# JRE version: Java(TM) SE Runtime Environment (16.0.1+9) (build 16.0.1+9-24)
# Java VM: Java HotSpot(TM) 64-Bit Server VM (16.0.1+9-24, mixed mode, sharing, tiered, compressed oops, compressed class ptrs, g1 gc, windows-amd64)
# Problematic frame:
# C  [awt.dll+0xd28c8]
#
# No core dump will be written. Minidumps are not enabled by default on client versions of Windows
#
# If you would like to submit a bug report, please visit:
#   https://bugreport.java.com/bugreport/crash.jsp
# The crash happened outside the Java Virtual Machine in native code.
# See problematic frame for where to report the bug.
#

---------------  S U M M A R Y ------------

Command Line: -Dfile.encoding=UTF-8 --module-path=C:\Users\mahaj\OneDrive\Documents\NetBeansProjects\Library.Management.System\build\classes ReadMe

Host: Intel(R) Core(TM) i5-1035G1 CPU @ 1.00GHz, 8 cores, 7G,  Windows 10 , 64 bit Build 19041 (10.0.19041.928)
Time: Thu May 27 01:12:45 2021 India Standard Time elapsed time: 852.822204 seconds (0d 0h 14m 12s)

---------------  T H R E A D  ---------------

Current thread (0x000002023df77300):  JavaThread "AWT-EventQueue-0" [_thread_in_native, id=32400, stack(0x000000e1b6500000,0x000000e1b6600000)]

Stack: [0x000000e1b6500000,0x000000e1b6600000],  sp=0x000000e1b65fe660,  free space=1017k
Native frames: (J=compiled Java code, j=interpreted, Vv=VM code, C=native code)
C  [awt.dll+0xd28c8]

Java frames: (J=compiled Java code, j=interpreted, Vv=VM code)
j  sun.awt.Win32GraphicsDevice.initNativeScale(I)V+0 java.desktop@16.0.1
j  sun.awt.Win32GraphicsDevice.initScaleFactors()V+60 java.desktop@16.0.1
j  sun.awt.Win32GraphicsDevice.displayChanged()V+16 java.desktop@16.0.1
j  sun.awt.Win32GraphicsEnvironment.displayChanged()V+271 java.desktop@16.0.1
j  sun.awt.windows.WToolkit.lambda$displayChanged$4()V+15 java.desktop@16.0.1
j  sun.awt.windows.WToolkit$$Lambda$141+0x0000000800caea30.run()V+0 java.desktop@16.0.1
j  java.awt.event.InvocationEvent.dispatch()V+47 java.desktop@16.0.1
j  java.awt.EventQueue.dispatchEventImpl(Ljava/awt/AWTEvent;Ljava/lang/Object;)V+21 java.desktop@16.0.1
j  java.awt.EventQueue$4.run()Ljava/lang/Void;+32 java.desktop@16.0.1
j  java.awt.EventQueue$4.run()Ljava/lang/Object;+1 java.desktop@16.0.1
J 829 c1 java.security.ProtectionDomain$JavaSecurityAccessImpl.doIntersectionPrivilege(Ljava/security/PrivilegedAction;Ljava/security/AccessControlContext;Ljava/security/AccessControlContext;)Ljava/lang/Object; java.base@16.0.1 (22 bytes) @ 0x00000202270ef8d4 [0x00000202270ef640+0x0000000000000294]
j  java.awt.EventQueue.dispatchEvent(Ljava/awt/AWTEvent;)V+46 java.desktop@16.0.1
j  java.awt.EventDispatchThread.pumpOneEventForFilters(I)V+78 java.desktop@16.0.1
j  java.awt.EventDispatchThread.pumpEventsForFilter(ILjava/awt/Conditional;Ljava/awt/EventFilter;)V+35 java.desktop@16.0.1
j  java.awt.EventDispatchThread.pumpEventsForHierarchy(ILjava/awt/Conditional;Ljava/awt/Component;)V+11 java.desktop@16.0.1
j  java.awt.EventDispatchThread.pumpEvents(ILjava/awt/Conditional;)V+4 java.desktop@16.0.1
j  java.awt.EventDispatchThread.pumpEvents(Ljava/awt/Conditional;)V+3 java.desktop@16.0.1
j  java.awt.EventDispatchThread.run()V+9 java.desktop@16.0.1
v  ~StubRoutines::call_stub

siginfo: EXCEPTION_ACCESS_VIOLATION (0xc0000005), reading address 0xffffffffffffffff


Register to memory mapping:

RIP=0x00007ffbf1e728c8 awt.dll
RAX=0x000000e1b65fe688 is pointing into the stack for thread: 0x000002023df77300
RBX=0x000002023df56670 points into unknown readable memory: 0x000002023ea11760 | 60 17 a1 3e 02 02 00 00
RCX=0xff5eaa2572617666 is an unknown value
RDX=0x0 is NULL
RSP=0x000000e1b65fe660 is pointing into the stack for thread: 0x000002023df77300
RBP=0x000000e1b65fe740 is pointing into the stack for thread: 0x000002023df77300
RSI=0x0 is NULL
RDI=0x0 is NULL
R8 =0x0000000000000001 is an unknown value
R9 =0x00000000000000dd is an unknown value
R10=0x0000020226a3dcf3 is at code_begin+979 in an Interpreter codelet
method entry point (kind = native)  [0x0000020226a3d920, 0x0000020226a3e300]  2528 bytes
R11=0x0000000000000100 is an unknown value
R12=0x0 is NULL
R13={method} {0x000002023d642218} 'initNativeScale' '(I)V' in 'sun/awt/Win32GraphicsDevice'
R14=0x000000e1b65fe768 is pointing into the stack for thread: 0x000002023df77300
R15=0x000002023df77300 is a thread


Registers:
RAX=0x000000e1b65fe688, RBX=0x000002023df56670, RCX=0xff5eaa2572617666, RDX=0x0000000000000000
RSP=0x000000e1b65fe660, RBP=0x000000e1b65fe740, RSI=0x0000000000000000, RDI=0x0000000000000000
R8 =0x0000000000000001, R9 =0x00000000000000dd, R10=0x0000020226a3dcf3, R11=0x0000000000000100
R12=0x0000000000000000, R13=0x000002023d642210, R14=0x000000e1b65fe768, R15=0x000002023df77300
RIP=0x00007ffbf1e728c8, EFLAGS=0x0000000000010206

Top of Stack: (sp=0x000000e1b65fe660)
0x000000e1b65fe660:   000002023d120de0 00000000000003d8
0x000000e1b65fe670:   000002023df56670 0000000000000000
0x000000e1b65fe680:   000002023df56670 00007ffbf1e73d1a
0x000000e1b65fe690:   00007ffbf1ecc838 000002023d642210
0x000000e1b65fe6a0:   000000e1b65fe828 0000020226a3966b
0x000000e1b65fe6b0:   0000020226a3966b 0000020226a3dd22
0x000000e1b65fe6c0:   000002023d642210 000000e1b65fe740
0x000000e1b65fe6d0:   000000e1b65fe828 00007ffbd9f20224
0x000000e1b65fe6e0:   000002023d851aa8 000000e1b65fe740
0x000000e1b65fe6f0:   0000000000000000 000000e1b65fe6f8
0x000000e1b65fe700:   0000000000000000 000000e1b65fe768
0x000000e1b65fe710:   000002023d644be8 0000000000000000
0x000000e1b65fe720:   000000008c5e8d28 000002023d642210
0x000000e1b65fe730:   0000000000000000 000000e1b65fe760
0x000000e1b65fe740:   000000e1b65fe7b8 0000020226a39512
0x000000e1b65fe750:   0000000000000000 0000020226a3b2d8 

Instructions: (pc=0x00007ffbf1e728c8)
0x00007ffbf1e727c8:   38 41 b8 01 00 00 00 8b d7 48 8b c8 e8 67 5a f5
0x00007ffbf1e727d8:   ff 48 8b 48 08 33 ff 48 85 c9 74 07 48 8b b9 08
0x00007ffbf1e727e8:   0c 00 00 48 8b cb e8 cd 5b f5 ff 90 48 8b c7 48
0x00007ffbf1e727f8:   8b 5c 24 30 48 83 c4 20 5f c3 cc cc f3 0f 10 41
0x00007ffbf1e72808:   48 c3 cc cc f3 0f 10 41 4c c3 cc cc 48 89 5c 24
0x00007ffbf1e72818:   08 48 89 74 24 18 57 48 83 ec 20 48 8b f1 ba 02
0x00007ffbf1e72828:   00 01 00 48 8b 0d c6 65 06 00 e8 48 ec 00 00 48
0x00007ffbf1e72838:   8b d8 e8 81 5a f5 ff 48 85 c0 75 08 48 8b cb e8
0x00007ffbf1e72848:   54 5c f5 ff e8 6f 5a f5 ff 48 8b d8 48 89 44 24
0x00007ffbf1e72858:   38 33 ff 39 78 0c 7e 27 41 b8 01 00 00 00 8b d7
0x00007ffbf1e72868:   48 8b cb e8 d0 59 f5 ff 48 8b 50 28 48 8b ce e8
0x00007ffbf1e72878:   08 f7 ff ff 85 c0 75 0d ff c7 3b 7b 0c 7c d9 8b
0x00007ffbf1e72888:   3d c3 6a 06 00 48 8b cb e8 2b 5b f5 ff 90 8b c7
0x00007ffbf1e72898:   48 8b 5c 24 30 48 8b 74 24 40 48 83 c4 20 5f c3
0x00007ffbf1e728a8:   48 8b 41 08 48 8b 80 18 0c 00 00 c3 48 8b 41 08
0x00007ffbf1e728b8:   48 05 00 04 00 00 c3 cc 48 8b c4 53 48 83 ec 20
0x00007ffbf1e728c8:   83 79 50 00 48 8b d9 75 52 48 8b 49 28 4c 8d 40
0x00007ffbf1e728d8:   10 48 8d 50 08 c7 40 08 00 00 80 bf c7 40 10 00
0x00007ffbf1e728e8:   00 80 bf e8 94 cc 00 00 f3 0f 10 54 24 30 0f 57
0x00007ffbf1e728f8:   c0 0f 2f d0 76 25 f3 0f 10 4c 24 38 0f 2f c8 76
0x00007ffbf1e72908:   1a f3 0f 5e 15 a3 83 02 00 f3 0f 5e 0d 9b 83 02
0x00007ffbf1e72918:   00 f3 0f 11 53 48 f3 0f 11 4b 4c 48 83 c4 20 5b
0x00007ffbf1e72928:   c3 cc cc cc 48 89 5c 24 10 48 89 74 24 18 57 41
0x00007ffbf1e72938:   54 41 56 48 83 ec 40 48 8b d9 48 8b 41 18 33 ff
0x00007ffbf1e72948:   48 85 c0 75 18 b9 28 04 00 00 e8 c5 87 00 00 48
0x00007ffbf1e72958:   89 43 18 c7 00 28 00 00 00 48 8b 43 18 66 89 78
0x00007ffbf1e72968:   0e 48 8b 4b 28 e8 2a 03 00 00 48 8b f0 41 bc 01
0x00007ffbf1e72978:   00 00 00 45 8b c4 41 8b d4 48 8b c8 ff 15 46 2b
0x00007ffbf1e72988:   06 00 4c 8b f0 89 7c 24 30 48 8b 4b 18 48 89 4c
0x00007ffbf1e72998:   24 28 48 89 7c 24 20 45 8b cc 45 33 c0 48 8b d0
0x00007ffbf1e729a8:   48 8b ce ff 15 07 2c 06 00 48 8b 0b 48 8b 53 30
0x00007ffbf1e729b8:   45 8d 44 24 07 44 39 41 04 0f 8e ca 01 00 00 44 


Stack slot to memory mapping:
stack at sp + 0 slots: 0x000002023d120de0 points into unknown readable memory: 0x000002023d0aadc4 | c4 ad 0a 3d 02 02 00 00
stack at sp + 1 slots: 0x00000000000003d8 is an unknown value
stack at sp + 2 slots: 0x000002023df56670 points into unknown readable memory: 0x000002023ea11760 | 60 17 a1 3e 02 02 00 00
stack at sp + 3 slots: 0x0 is NULL
stack at sp + 4 slots: 0x000002023df56670 points into unknown readable memory: 0x000002023ea11760 | 60 17 a1 3e 02 02 00 00
stack at sp + 5 slots: 0x00007ffbf1e73d1a awt.dll
stack at sp + 6 slots: 0x00007ffbf1ecc838 awt.dll
stack at sp + 7 slots: {method} {0x000002023d642218} 'initNativeScale' '(I)V' in 'sun/awt/Win32GraphicsDevice'


---------------  P R O C E S S  ---------------

Threads class SMR info:
_java_thread_list=0x000002023dfb54f0, length=16, elements={
0x000002023d08afd0, 0x000002023d08b9d0, 0x000002023d0981c0, 0x000002023d09abd0,
0x000002023d09b5d0, 0x000002023d09bfd0, 0x000002023d0a9890, 0x000002023d09e7d0,
0x000002023d0e4930, 0x000002023dc588e0, 0x000002023dd1f690, 0x000002023def5f00,
0x000002023defa1f0, 0x000002023defe1e0, 0x000002023df77300, 0x000002021f2a88c0
}

Java Threads: ( => current thread )
  0x000002023d08afd0 JavaThread "Reference Handler" daemon [_thread_blocked, id=28208, stack(0x000000e1b5500000,0x000000e1b5600000)]
  0x000002023d08b9d0 JavaThread "Finalizer" daemon [_thread_blocked, id=10760, stack(0x000000e1b5600000,0x000000e1b5700000)]
  0x000002023d0981c0 JavaThread "Signal Dispatcher" daemon [_thread_blocked, id=12020, stack(0x000000e1b5700000,0x000000e1b5800000)]
  0x000002023d09abd0 JavaThread "Attach Listener" daemon [_thread_blocked, id=25544, stack(0x000000e1b5800000,0x000000e1b5900000)]
  0x000002023d09b5d0 JavaThread "Service Thread" daemon [_thread_blocked, id=3920, stack(0x000000e1b5900000,0x000000e1b5a00000)]
  0x000002023d09bfd0 JavaThread "Monitor Deflation Thread" daemon [_thread_blocked, id=32300, stack(0x000000e1b5a00000,0x000000e1b5b00000)]
  0x000002023d0a9890 JavaThread "C2 CompilerThread0" daemon [_thread_blocked, id=2420, stack(0x000000e1b5b00000,0x000000e1b5c00000)]
  0x000002023d09e7d0 JavaThread "C1 CompilerThread0" daemon [_thread_blocked, id=27712, stack(0x000000e1b5c00000,0x000000e1b5d00000)]
  0x000002023d0e4930 JavaThread "Sweeper thread" daemon [_thread_blocked, id=24084, stack(0x000000e1b5d00000,0x000000e1b5e00000)]
  0x000002023dc588e0 JavaThread "Common-Cleaner" daemon [_thread_blocked, id=22516, stack(0x000000e1b5e00000,0x000000e1b5f00000)]
  0x000002023dd1f690 JavaThread "Notification Thread" daemon [_thread_blocked, id=17896, stack(0x000000e1b5f00000,0x000000e1b6000000)]
  0x000002023def5f00 JavaThread "Java2D Disposer" daemon [_thread_blocked, id=27956, stack(0x000000e1b6200000,0x000000e1b6300000)]
  0x000002023defa1f0 JavaThread "AWT-Shutdown" [_thread_blocked, id=13112, stack(0x000000e1b6300000,0x000000e1b6400000)]
  0x000002023defe1e0 JavaThread "AWT-Windows" daemon [_thread_in_native, id=21560, stack(0x000000e1b6400000,0x000000e1b6500000)]
=>0x000002023df77300 JavaThread "AWT-EventQueue-0" [_thread_in_native, id=32400, stack(0x000000e1b6500000,0x000000e1b6600000)]
  0x000002021f2a88c0 JavaThread "DestroyJavaVM" [_thread_blocked, id=4892, stack(0x000000e1b4e00000,0x000000e1b4f00000)]

Other Threads:
  0x000002023d0865d0 VMThread "VM Thread" [stack: 0x000000e1b5400000,0x000000e1b5500000] [id=13728]
  0x000002021f2a9740 WatcherThread [stack: 0x000000e1b6000000,0x000000e1b6100000] [id=30688]
  0x000002021f2e72c0 GCTaskThread "GC Thread#0" [stack: 0x000000e1b4f00000,0x000000e1b5000000] [id=24552]
  0x000002021f2f9da0 ConcurrentGCThread "G1 Main Marker" [stack: 0x000000e1b5000000,0x000000e1b5100000] [id=29872]
  0x000002021f2faf30 ConcurrentGCThread "G1 Conc#0" [stack: 0x000000e1b5100000,0x000000e1b5200000] [id=17924]
  0x000002021f371e60 ConcurrentGCThread "G1 Refine#0" [stack: 0x000000e1b5200000,0x000000e1b5300000] [id=21640]
  0x000002021f373bf0 ConcurrentGCThread "G1 Service" [stack: 0x000000e1b5300000,0x000000e1b5400000] [id=23788]

Threads with active compile tasks:

VM state: not at safepoint (normal execution)

VM Mutex/Monitor currently owned by a thread: None

Heap address: 0x0000000084c00000, size: 1972 MB, Compressed Oops mode: 32-bit

CDS archive(s) mapped at: [0x0000000800000000-0x0000000800bb0000-0x0000000800bb0000), size 12255232, SharedBaseAddress: 0x0000000800000000, ArchiveRelocationMode: 0.
Compressed class space mapped at: 0x0000000800c00000-0x0000000840c00000, reserved size: 1073741824
Narrow klass base: 0x0000000800000000, Narrow klass shift: 3, Narrow klass range: 0x100000000

GC Precious Log:
 CPUs: 8 total, 8 available
 Memory: 7880M
 Large Page Support: Disabled
 NUMA Support: Disabled
 Compressed Oops: Enabled (32-bit)
 Heap Region Size: 1M
 Heap Min Capacity: 8M
 Heap Initial Capacity: 124M
 Heap Max Capacity: 1972M
 Pre-touch: Disabled
 Parallel Workers: 8
 Concurrent Workers: 2
 Concurrent Refinement Workers: 8
 Periodic GC: Disabled

Heap:
 garbage-first heap   total 126976K, used 9216K [0x0000000084c00000, 0x0000000100000000)
  region size 1024K, 7 young (7168K), 0 survivors (0K)
 Metaspace       used 6459K, committed 6656K, reserved 1056768K
  class space    used 676K, committed 768K, reserved 1048576K

Heap Regions: E=young(eden), S=young(survivor), O=old, HS=humongous(starts), HC=humongous(continues), CS=collection set, F=free, OA=open archive, CA=closed archive, TAMS=top-at-mark-start (previous, next)
|   0|0x0000000084c00000, 0x0000000084d00000, 0x0000000084d00000|100%|HS|  |TAMS 0x0000000084c00000, 0x0000000084c00000| Complete 
|   1|0x0000000084d00000, 0x0000000084e00000, 0x0000000084e00000|100%|HC|  |TAMS 0x0000000084d00000, 0x0000000084d00000| Complete 
|   2|0x0000000084e00000, 0x0000000084f00000, 0x0000000084f00000|100%|HC|  |TAMS 0x0000000084e00000, 0x0000000084e00000| Complete 
|   3|0x0000000084f00000, 0x0000000084f00000, 0x0000000085000000|  0%| F|  |TAMS 0x0000000084f00000, 0x0000000084f00000| Untracked 
|   4|0x0000000085000000, 0x0000000085000000, 0x0000000085100000|  0%| F|  |TAMS 0x0000000085000000, 0x0000000085000000| Untracked 
|   5|0x0000000085100000, 0x0000000085100000, 0x0000000085200000|  0%| F|  |TAMS 0x0000000085100000, 0x0000000085100000| Untracked 
|   6|0x0000000085200000, 0x0000000085200000, 0x0000000085300000|  0%| F|  |TAMS 0x0000000085200000, 0x0000000085200000| Untracked 
|   7|0x0000000085300000, 0x0000000085300000, 0x0000000085400000|  0%| F|  |TAMS 0x0000000085300000, 0x0000000085300000| Untracked 
|   8|0x0000000085400000, 0x0000000085400000, 0x0000000085500000|  0%| F|  |TAMS 0x0000000085400000, 0x0000000085400000| Untracked 
|   9|0x0000000085500000, 0x0000000085500000, 0x0000000085600000|  0%| F|  |TAMS 0x0000000085500000, 0x0000000085500000| Untracked 
|  10|0x0000000085600000, 0x0000000085600000, 0x0000000085700000|  0%| F|  |TAMS 0x0000000085600000, 0x0000000085600000| Untracked 
|  11|0x0000000085700000, 0x0000000085700000, 0x0000000085800000|  0%| F|  |TAMS 0x0000000085700000, 0x0000000085700000| Untracked 
|  12|0x0000000085800000, 0x0000000085800000, 0x0000000085900000|  0%| F|  |TAMS 0x0000000085800000, 0x0000000085800000| Untracked 
|  13|0x0000000085900000, 0x0000000085900000, 0x0000000085a00000|  0%| F|  |TAMS 0x0000000085900000, 0x0000000085900000| Untracked 
|  14|0x0000000085a00000, 0x0000000085a00000, 0x0000000085b00000|  0%| F|  |TAMS 0x0000000085a00000, 0x0000000085a00000| Untracked 
|  15|0x0000000085b00000, 0x0000000085b00000, 0x0000000085c00000|  0%| F|  |TAMS 0x0000000085b00000, 0x0000000085b00000| Untracked 
|  16|0x0000000085c00000, 0x0000000085c00000, 0x0000000085d00000|  0%| F|  |TAMS 0x0000000085c00000, 0x0000000085c00000| Untracked 
|  17|0x0000000085d00000, 0x0000000085d00000, 0x0000000085e00000|  0%| F|  |TAMS 0x0000000085d00000, 0x0000000085d00000| Untracked 
|  18|0x0000000085e00000, 0x0000000085e00000, 0x0000000085f00000|  0%| F|  |TAMS 0x0000000085e00000, 0x0000000085e00000| Untracked 
|  19|0x0000000085f00000, 0x0000000085f00000, 0x0000000086000000|  0%| F|  |TAMS 0x0000000085f00000, 0x0000000085f00000| Untracked 
|  20|0x0000000086000000, 0x0000000086000000, 0x0000000086100000|  0%| F|  |TAMS 0x0000000086000000, 0x0000000086000000| Untracked 
|  21|0x0000000086100000, 0x0000000086100000, 0x0000000086200000|  0%| F|  |TAMS 0x0000000086100000, 0x0000000086100000| Untracked 
|  22|0x0000000086200000, 0x0000000086200000, 0x0000000086300000|  0%| F|  |TAMS 0x0000000086200000, 0x0000000086200000| Untracked 
|  23|0x0000000086300000, 0x0000000086300000, 0x0000000086400000|  0%| F|  |TAMS 0x0000000086300000, 0x0000000086300000| Untracked 
|  24|0x0000000086400000, 0x0000000086400000, 0x0000000086500000|  0%| F|  |TAMS 0x0000000086400000, 0x0000000086400000| Untracked 
|  25|0x0000000086500000, 0x0000000086500000, 0x0000000086600000|  0%| F|  |TAMS 0x0000000086500000, 0x0000000086500000| Untracked 
|  26|0x0000000086600000, 0x0000000086600000, 0x0000000086700000|  0%| F|  |TAMS 0x0000000086600000, 0x0000000086600000| Untracked 
|  27|0x0000000086700000, 0x0000000086700000, 0x0000000086800000|  0%| F|  |TAMS 0x0000000086700000, 0x0000000086700000| Untracked 
|  28|0x0000000086800000, 0x0000000086800000, 0x0000000086900000|  0%| F|  |TAMS 0x0000000086800000, 0x0000000086800000| Untracked 
|  29|0x0000000086900000, 0x0000000086900000, 0x0000000086a00000|  0%| F|  |TAMS 0x0000000086900000, 0x0000000086900000| Untracked 
|  30|0x0000000086a00000, 0x0000000086a00000, 0x0000000086b00000|  0%| F|  |TAMS 0x0000000086a00000, 0x0000000086a00000| Untracked 
|  31|0x0000000086b00000, 0x0000000086b00000, 0x0000000086c00000|  0%| F|  |TAMS 0x0000000086b00000, 0x0000000086b00000| Untracked 
|  32|0x0000000086c00000, 0x0000000086c00000, 0x0000000086d00000|  0%| F|  |TAMS 0x0000000086c00000, 0x0000000086c00000| Untracked 
|  33|0x0000000086d00000, 0x0000000086d00000, 0x0000000086e00000|  0%| F|  |TAMS 0x0000000086d00000, 0x0000000086d00000| Untracked 
|  34|0x0000000086e00000, 0x0000000086e00000, 0x0000000086f00000|  0%| F|  |TAMS 0x0000000086e00000, 0x0000000086e00000| Untracked 
|  35|0x0000000086f00000, 0x0000000086f00000, 0x0000000087000000|  0%| F|  |TAMS 0x0000000086f00000, 0x0000000086f00000| Untracked 
|  36|0x0000000087000000, 0x0000000087000000, 0x0000000087100000|  0%| F|  |TAMS 0x0000000087000000, 0x0000000087000000| Untracked 
|  37|0x0000000087100000, 0x0000000087100000, 0x0000000087200000|  0%| F|  |TAMS 0x0000000087100000, 0x0000000087100000| Untracked 
|  38|0x0000000087200000, 0x0000000087200000, 0x0000000087300000|  0%| F|  |TAMS 0x0000000087200000, 0x0000000087200000| Untracked 
|  39|0x0000000087300000, 0x0000000087300000, 0x0000000087400000|  0%| F|  |TAMS 0x0000000087300000, 0x0000000087300000| Untracked 
|  40|0x0000000087400000, 0x0000000087400000, 0x0000000087500000|  0%| F|  |TAMS 0x0000000087400000, 0x0000000087400000| Untracked 
|  41|0x0000000087500000, 0x0000000087500000, 0x0000000087600000|  0%| F|  |TAMS 0x0000000087500000, 0x0000000087500000| Untracked 
|  42|0x0000000087600000, 0x0000000087600000, 0x0000000087700000|  0%| F|  |TAMS 0x0000000087600000, 0x0000000087600000| Untracked 
|  43|0x0000000087700000, 0x0000000087700000, 0x0000000087800000|  0%| F|  |TAMS 0x0000000087700000, 0x0000000087700000| Untracked 
|  44|0x0000000087800000, 0x0000000087800000, 0x0000000087900000|  0%| F|  |TAMS 0x0000000087800000, 0x0000000087800000| Untracked 
|  45|0x0000000087900000, 0x0000000087900000, 0x0000000087a00000|  0%| F|  |TAMS 0x0000000087900000, 0x0000000087900000| Untracked 
|  46|0x0000000087a00000, 0x0000000087a00000, 0x0000000087b00000|  0%| F|  |TAMS 0x0000000087a00000, 0x0000000087a00000| Untracked 
|  47|0x0000000087b00000, 0x0000000087b00000, 0x0000000087c00000|  0%| F|  |TAMS 0x0000000087b00000, 0x0000000087b00000| Untracked 
|  48|0x0000000087c00000, 0x0000000087c00000, 0x0000000087d00000|  0%| F|  |TAMS 0x0000000087c00000, 0x0000000087c00000| Untracked 
|  49|0x0000000087d00000, 0x0000000087d00000, 0x0000000087e00000|  0%| F|  |TAMS 0x0000000087d00000, 0x0000000087d00000| Untracked 
|  50|0x0000000087e00000, 0x0000000087e00000, 0x0000000087f00000|  0%| F|  |TAMS 0x0000000087e00000, 0x0000000087e00000| Untracked 
|  51|0x0000000087f00000, 0x0000000087f00000, 0x0000000088000000|  0%| F|  |TAMS 0x0000000087f00000, 0x0000000087f00000| Untracked 
|  52|0x0000000088000000, 0x0000000088000000, 0x0000000088100000|  0%| F|  |TAMS 0x0000000088000000, 0x0000000088000000| Untracked 
|  53|0x0000000088100000, 0x0000000088100000, 0x0000000088200000|  0%| F|  |TAMS 0x0000000088100000, 0x0000000088100000| Untracked 
|  54|0x0000000088200000, 0x0000000088200000, 0x0000000088300000|  0%| F|  |TAMS 0x0000000088200000, 0x0000000088200000| Untracked 
|  55|0x0000000088300000, 0x0000000088300000, 0x0000000088400000|  0%| F|  |TAMS 0x0000000088300000, 0x0000000088300000| Untracked 
|  56|0x0000000088400000, 0x0000000088400000, 0x0000000088500000|  0%| F|  |TAMS 0x0000000088400000, 0x0000000088400000| Untracked 
|  57|0x0000000088500000, 0x0000000088500000, 0x0000000088600000|  0%| F|  |TAMS 0x0000000088500000, 0x0000000088500000| Untracked 
|  58|0x0000000088600000, 0x0000000088600000, 0x0000000088700000|  0%| F|  |TAMS 0x0000000088600000, 0x0000000088600000| Untracked 
|  59|0x0000000088700000, 0x0000000088700000, 0x0000000088800000|  0%| F|  |TAMS 0x0000000088700000, 0x0000000088700000| Untracked 
|  60|0x0000000088800000, 0x0000000088800000, 0x0000000088900000|  0%| F|  |TAMS 0x0000000088800000, 0x0000000088800000| Untracked 
|  61|0x0000000088900000, 0x0000000088900000, 0x0000000088a00000|  0%| F|  |TAMS 0x0000000088900000, 0x0000000088900000| Untracked 
|  62|0x0000000088a00000, 0x0000000088a00000, 0x0000000088b00000|  0%| F|  |TAMS 0x0000000088a00000, 0x0000000088a00000| Untracked 
|  63|0x0000000088b00000, 0x0000000088b00000, 0x0000000088c00000|  0%| F|  |TAMS 0x0000000088b00000, 0x0000000088b00000| Untracked 
|  64|0x0000000088c00000, 0x0000000088c00000, 0x0000000088d00000|  0%| F|  |TAMS 0x0000000088c00000, 0x0000000088c00000| Untracked 
|  65|0x0000000088d00000, 0x0000000088d00000, 0x0000000088e00000|  0%| F|  |TAMS 0x0000000088d00000, 0x0000000088d00000| Untracked 
|  66|0x0000000088e00000, 0x0000000088e00000, 0x0000000088f00000|  0%| F|  |TAMS 0x0000000088e00000, 0x0000000088e00000| Untracked 
|  67|0x0000000088f00000, 0x0000000088f00000, 0x0000000089000000|  0%| F|  |TAMS 0x0000000088f00000, 0x0000000088f00000| Untracked 
|  68|0x0000000089000000, 0x0000000089000000, 0x0000000089100000|  0%| F|  |TAMS 0x0000000089000000, 0x0000000089000000| Untracked 
|  69|0x0000000089100000, 0x0000000089100000, 0x0000000089200000|  0%| F|  |TAMS 0x0000000089100000, 0x0000000089100000| Untracked 
|  70|0x0000000089200000, 0x0000000089200000, 0x0000000089300000|  0%| F|  |TAMS 0x0000000089200000, 0x0000000089200000| Untracked 
|  71|0x0000000089300000, 0x0000000089300000, 0x0000000089400000|  0%| F|  |TAMS 0x0000000089300000, 0x0000000089300000| Untracked 
|  72|0x0000000089400000, 0x0000000089400000, 0x0000000089500000|  0%| F|  |TAMS 0x0000000089400000, 0x0000000089400000| Untracked 
|  73|0x0000000089500000, 0x0000000089500000, 0x0000000089600000|  0%| F|  |TAMS 0x0000000089500000, 0x0000000089500000| Untracked 
|  74|0x0000000089600000, 0x0000000089600000, 0x0000000089700000|  0%| F|  |TAMS 0x0000000089600000, 0x0000000089600000| Untracked 
|  75|0x0000000089700000, 0x0000000089700000, 0x0000000089800000|  0%| F|  |TAMS 0x0000000089700000, 0x0000000089700000| Untracked 
|  76|0x0000000089800000, 0x0000000089800000, 0x0000000089900000|  0%| F|  |TAMS 0x0000000089800000, 0x0000000089800000| Untracked 
|  77|0x0000000089900000, 0x0000000089900000, 0x0000000089a00000|  0%| F|  |TAMS 0x0000000089900000, 0x0000000089900000| Untracked 
|  78|0x0000000089a00000, 0x0000000089a00000, 0x0000000089b00000|  0%| F|  |TAMS 0x0000000089a00000, 0x0000000089a00000| Untracked 
|  79|0x0000000089b00000, 0x0000000089b00000, 0x0000000089c00000|  0%| F|  |TAMS 0x0000000089b00000, 0x0000000089b00000| Untracked 
|  80|0x0000000089c00000, 0x0000000089c00000, 0x0000000089d00000|  0%| F|  |TAMS 0x0000000089c00000, 0x0000000089c00000| Untracked 
|  81|0x0000000089d00000, 0x0000000089d00000, 0x0000000089e00000|  0%| F|  |TAMS 0x0000000089d00000, 0x0000000089d00000| Untracked 
|  82|0x0000000089e00000, 0x0000000089e00000, 0x0000000089f00000|  0%| F|  |TAMS 0x0000000089e00000, 0x0000000089e00000| Untracked 
|  83|0x0000000089f00000, 0x0000000089f00000, 0x000000008a000000|  0%| F|  |TAMS 0x0000000089f00000, 0x0000000089f00000| Untracked 
|  84|0x000000008a000000, 0x000000008a000000, 0x000000008a100000|  0%| F|  |TAMS 0x000000008a000000, 0x000000008a000000| Untracked 
|  85|0x000000008a100000, 0x000000008a100000, 0x000000008a200000|  0%| F|  |TAMS 0x000000008a100000, 0x000000008a100000| Untracked 
|  86|0x000000008a200000, 0x000000008a200000, 0x000000008a300000|  0%| F|  |TAMS 0x000000008a200000, 0x000000008a200000| Untracked 
|  87|0x000000008a300000, 0x000000008a300000, 0x000000008a400000|  0%| F|  |TAMS 0x000000008a300000, 0x000000008a300000| Untracked 
|  88|0x000000008a400000, 0x000000008a400000, 0x000000008a500000|  0%| F|  |TAMS 0x000000008a400000, 0x000000008a400000| Untracked 
|  89|0x000000008a500000, 0x000000008a500000, 0x000000008a600000|  0%| F|  |TAMS 0x000000008a500000, 0x000000008a500000| Untracked 
|  90|0x000000008a600000, 0x000000008a600000, 0x000000008a700000|  0%| F|  |TAMS 0x000000008a600000, 0x000000008a600000| Untracked 
|  91|0x000000008a700000, 0x000000008a700000, 0x000000008a800000|  0%| F|  |TAMS 0x000000008a700000, 0x000000008a700000| Untracked 
|  92|0x000000008a800000, 0x000000008a800000, 0x000000008a900000|  0%| F|  |TAMS 0x000000008a800000, 0x000000008a800000| Untracked 
|  93|0x000000008a900000, 0x000000008a900000, 0x000000008aa00000|  0%| F|  |TAMS 0x000000008a900000, 0x000000008a900000| Untracked 
|  94|0x000000008aa00000, 0x000000008aa00000, 0x000000008ab00000|  0%| F|  |TAMS 0x000000008aa00000, 0x000000008aa00000| Untracked 
|  95|0x000000008ab00000, 0x000000008ab00000, 0x000000008ac00000|  0%| F|  |TAMS 0x000000008ab00000, 0x000000008ab00000| Untracked 
|  96|0x000000008ac00000, 0x000000008ac00000, 0x000000008ad00000|  0%| F|  |TAMS 0x000000008ac00000, 0x000000008ac00000| Untracked 
|  97|0x000000008ad00000, 0x000000008ad00000, 0x000000008ae00000|  0%| F|  |TAMS 0x000000008ad00000, 0x000000008ad00000| Untracked 
|  98|0x000000008ae00000, 0x000000008ae00000, 0x000000008af00000|  0%| F|  |TAMS 0x000000008ae00000, 0x000000008ae00000| Untracked 
|  99|0x000000008af00000, 0x000000008af00000, 0x000000008b000000|  0%| F|  |TAMS 0x000000008af00000, 0x000000008af00000| Untracked 
| 100|0x000000008b000000, 0x000000008b000000, 0x000000008b100000|  0%| F|  |TAMS 0x000000008b000000, 0x000000008b000000| Untracked 
| 101|0x000000008b100000, 0x000000008b100000, 0x000000008b200000|  0%| F|  |TAMS 0x000000008b100000, 0x000000008b100000| Untracked 
| 102|0x000000008b200000, 0x000000008b200000, 0x000000008b300000|  0%| F|  |TAMS 0x000000008b200000, 0x000000008b200000| Untracked 
| 103|0x000000008b300000, 0x000000008b300000, 0x000000008b400000|  0%| F|  |TAMS 0x000000008b300000, 0x000000008b300000| Untracked 
| 104|0x000000008b400000, 0x000000008b400000, 0x000000008b500000|  0%| F|  |TAMS 0x000000008b400000, 0x000000008b400000| Untracked 
| 105|0x000000008b500000, 0x000000008b500000, 0x000000008b600000|  0%| F|  |TAMS 0x000000008b500000, 0x000000008b500000| Untracked 
| 106|0x000000008b600000, 0x000000008b600000, 0x000000008b700000|  0%| F|  |TAMS 0x000000008b600000, 0x000000008b600000| Untracked 
| 107|0x000000008b700000, 0x000000008b700000, 0x000000008b800000|  0%| F|  |TAMS 0x000000008b700000, 0x000000008b700000| Untracked 
| 108|0x000000008b800000, 0x000000008b800000, 0x000000008b900000|  0%| F|  |TAMS 0x000000008b800000, 0x000000008b800000| Untracked 
| 109|0x000000008b900000, 0x000000008b900000, 0x000000008ba00000|  0%| F|  |TAMS 0x000000008b900000, 0x000000008b900000| Untracked 
| 110|0x000000008ba00000, 0x000000008ba00000, 0x000000008bb00000|  0%| F|  |TAMS 0x000000008ba00000, 0x000000008ba00000| Untracked 
| 111|0x000000008bb00000, 0x000000008bb00000, 0x000000008bc00000|  0%| F|  |TAMS 0x000000008bb00000, 0x000000008bb00000| Untracked 
| 112|0x000000008bc00000, 0x000000008bc00000, 0x000000008bd00000|  0%| F|  |TAMS 0x000000008bc00000, 0x000000008bc00000| Untracked 
| 113|0x000000008bd00000, 0x000000008bd00000, 0x000000008be00000|  0%| F|  |TAMS 0x000000008bd00000, 0x000000008bd00000| Untracked 
| 114|0x000000008be00000, 0x000000008be00000, 0x000000008bf00000|  0%| F|  |TAMS 0x000000008be00000, 0x000000008be00000| Untracked 
| 115|0x000000008bf00000, 0x000000008bf00000, 0x000000008c000000|  0%| F|  |TAMS 0x000000008bf00000, 0x000000008bf00000| Untracked 
| 116|0x000000008c000000, 0x000000008c000000, 0x000000008c100000|  0%| F|  |TAMS 0x000000008c000000, 0x000000008c000000| Untracked 
| 117|0x000000008c100000, 0x000000008c1eeeb8, 0x000000008c200000| 93%| E|  |TAMS 0x000000008c100000, 0x000000008c100000| Complete 
| 118|0x000000008c200000, 0x000000008c300000, 0x000000008c300000|100%| E|CS|TAMS 0x000000008c200000, 0x000000008c200000| Complete 
| 119|0x000000008c300000, 0x000000008c400000, 0x000000008c400000|100%| E|CS|TAMS 0x000000008c300000, 0x000000008c300000| Complete 
| 120|0x000000008c400000, 0x000000008c500000, 0x000000008c500000|100%| E|CS|TAMS 0x000000008c400000, 0x000000008c400000| Complete 
| 121|0x000000008c500000, 0x000000008c600000, 0x000000008c600000|100%| E|CS|TAMS 0x000000008c500000, 0x000000008c500000| Complete 
| 122|0x000000008c600000, 0x000000008c700000, 0x000000008c700000|100%| E|CS|TAMS 0x000000008c600000, 0x000000008c600000| Complete 
| 123|0x000000008c700000, 0x000000008c800000, 0x000000008c800000|100%| E|CS|TAMS 0x000000008c700000, 0x000000008c700000| Complete 

Card table byte_map: [0x0000020236160000,0x0000020236540000] _byte_map_base: 0x0000020235d3a000

Marking Bits (Prev, Next): (CMBitMap*) 0x000002021f2e88c0, (CMBitMap*) 0x000002021f2e8900
 Prev Bits: [0x0000020236920000, 0x00000202387f0000)
 Next Bits: [0x00000202387f0000, 0x000002023a6c0000)

Polling page: 0x000002021d270000

Metaspace:

Usage:
  Non-class:      5.65 MB used.
      Class:    676.36 KB used.
       Both:      6.31 MB used.

Virtual space:
  Non-class space:        8.00 MB reserved,       5.75 MB ( 72%) committed,  1 nodes.
      Class space:        1.00 GB reserved,     768.00 KB ( <1%) committed,  1 nodes.
              Both:        1.01 GB reserved,       6.50 MB ( <1%) committed. 

Chunk freelists:
   Non-Class:  2.14 MB
       Class:  3.24 MB
        Both:  5.38 MB

MaxMetaspaceSize: 17179869184.00 GB
CompressedClassSpaceSize: 1.00 GB
 - commit_granule_bytes: 65536.
 - commit_granule_words: 8192.
 - virtual_space_node_default_size: 1048576.
 - enlarge_chunks_in_place: 1.
 - new_chunks_are_fully_committed: 0.
 - uncommit_free_chunks: 1.
 - use_allocation_guard: 0.
 - handle_deallocations: 1.


Internal statistics:

num_allocs_failed_limit: 0.
num_arena_births: 108.
num_arena_deaths: 0.
num_vsnodes_births: 2.
num_vsnodes_deaths: 0.
num_space_committed: 104.
num_space_uncommitted: 0.
num_chunks_returned_to_freelist: 0.
num_chunks_taken_from_freelist: 129.
num_chunk_merges: 0.
num_chunk_splits: 82.
num_chunks_enlarged: 44.
num_purges: 0.

CodeHeap 'non-profiled nmethods': size=120000Kb used=240Kb max_used=240Kb free=119759Kb
 bounds [0x000002022e500000, 0x000002022e770000, 0x0000020235a30000]
CodeHeap 'profiled nmethods': size=120000Kb used=1155Kb max_used=1155Kb free=118845Kb
 bounds [0x0000020226fd0000, 0x0000020227240000, 0x000002022e500000]
CodeHeap 'non-nmethods': size=5760Kb used=1266Kb max_used=1279Kb free=4493Kb
 bounds [0x0000020226a30000, 0x0000020226ca0000, 0x0000020226fd0000]
 total_blobs=1403 nmethods=832 adapters=484
 compilation: enabled
              stopped_count=0, restarted_count=0
 full_count=0

Compilation events (20 events):
Event: 2.362 Thread 0x000002023d09e7d0  821       3       java.util.concurrent.locks.AbstractQueuedSynchronizer$ConditionObject::signalAll (34 bytes)
Event: 2.363 Thread 0x000002023d09e7d0 nmethod 821 0x00000202270ebc90 code [0x00000202270ebe60, 0x00000202270ec1c8]
Event: 2.373 Thread 0x000002023d09e7d0  822  s    3       java.awt.Toolkit::getDefaultToolkit (53 bytes)
Event: 2.374 Thread 0x000002023d09e7d0 nmethod 822 0x00000202270ec310 code [0x00000202270ec620, 0x00000202270ed8c8]
Event: 2.376 Thread 0x000002023d09e7d0  823       3       java.awt.Point::<init> (15 bytes)
Event: 2.376 Thread 0x000002023d09e7d0 nmethod 823 0x00000202270edd90 code [0x00000202270edf40, 0x00000202270ee118]
Event: 2.385 Thread 0x000002023d09e7d0  824       1       java.awt.Window::isRecursivelyVisible (5 bytes)
Event: 2.385 Thread 0x000002023d09e7d0 nmethod 824 0x000002022e53b510 code [0x000002022e53b6a0, 0x000002022e53b778]
Event: 2.398 Thread 0x000002023d0a9890  825       4       sun.awt.AWTAutoShutdown::getInstance (4 bytes)
Event: 2.398 Thread 0x000002023d0a9890 nmethod 825 0x000002022e53b810 code [0x000002022e53b980, 0x000002022e53b9d8]
Event: 2.426 Thread 0x000002023d09e7d0  826       3       java.security.AccessController::checkContext (49 bytes)
Event: 2.427 Thread 0x000002023d09e7d0 nmethod 826 0x00000202270ee210 code [0x00000202270ee420, 0x00000202270eea78]
Event: 2.434 Thread 0x000002023d09e7d0  827       3       java.security.AccessController::doPrivileged (17 bytes)
Event: 2.434 Thread 0x000002023d09e7d0 nmethod 827 0x00000202270eec90 code [0x00000202270eee80, 0x00000202270ef258]
Event: 2.456 Thread 0x000002023d09e7d0  829       3       java.security.ProtectionDomain$JavaSecurityAccessImpl::doIntersectionPrivilege (22 bytes)
Event: 2.457 Thread 0x000002023d09e7d0 nmethod 829 0x00000202270ef410 code [0x00000202270ef640, 0x00000202270efbd8]
Event: 2.457 Thread 0x000002023d09e7d0  830       3       java.security.ProtectionDomain$JavaSecurityAccessImpl::getCombinedACC (30 bytes)
Event: 2.457 Thread 0x000002023d09e7d0 nmethod 830 0x00000202270efe10 code [0x00000202270effe0, 0x00000202270f03d8]
Event: 2.512 Thread 0x000002023d09e7d0  832       3       java.awt.EventQueue::getNextEventPrivate (76 bytes)
Event: 2.513 Thread 0x000002023d09e7d0 nmethod 832 0x00000202270f0590 code [0x00000202270f0760, 0x00000202270f0ac8]

GC Heap History (0 events):
No events

Deoptimization events (20 events):
Event: 0.759 Thread 0x000002021f2a88c0 Uncommon trap: trap_request=0xffffff45 fr.pc=0x000002022e528d00 relative=0x0000000000000440
Event: 0.759 Thread 0x000002021f2a88c0 Uncommon trap: reason=unstable_if action=reinterpret pc=0x000002022e528d00 method=java.lang.StringLatin1.replace([BCC)Ljava/lang/String; @ 19 c2
Event: 0.759 Thread 0x000002021f2a88c0 DEOPT PACKING pc=0x000002022e528d00 sp=0x000000e1b4efe710
Event: 0.759 Thread 0x000002021f2a88c0 DEOPT UNPACKING pc=0x0000020226a7f92e sp=0x000000e1b4efe690 mode 2
Event: 0.926 Thread 0x000002023df77300 Uncommon trap: trap_request=0xffffffde fr.pc=0x000002022e5302a4 relative=0x0000000000000464
Event: 0.926 Thread 0x000002023df77300 Uncommon trap: reason=class_check action=maybe_recompile pc=0x000002022e5302a4 method=java.util.HashMap.getNode(Ljava/lang/Object;)Ljava/util/HashMap$Node; @ 63 c2
Event: 0.926 Thread 0x000002023df77300 DEOPT PACKING pc=0x000002022e5302a4 sp=0x000000e1b65fd190
Event: 0.926 Thread 0x000002023df77300 DEOPT UNPACKING pc=0x0000020226a7f92e sp=0x000000e1b65fd108 mode 2
Event: 0.931 Thread 0x000002023df77300 Uncommon trap: trap_request=0xffffffde fr.pc=0x000002022e5302a4 relative=0x0000000000000464
Event: 0.931 Thread 0x000002023df77300 Uncommon trap: reason=class_check action=maybe_recompile pc=0x000002022e5302a4 method=java.util.HashMap.getNode(Ljava/lang/Object;)Ljava/util/HashMap$Node; @ 63 c2
Event: 0.931 Thread 0x000002023df77300 DEOPT PACKING pc=0x000002022e5302a4 sp=0x000000e1b65fd190
Event: 0.932 Thread 0x000002023df77300 DEOPT UNPACKING pc=0x0000020226a7f92e sp=0x000000e1b65fd108 mode 2
Event: 0.940 Thread 0x000002023df77300 Uncommon trap: trap_request=0xffffffde fr.pc=0x000002022e5302a4 relative=0x0000000000000464
Event: 0.940 Thread 0x000002023df77300 Uncommon trap: reason=class_check action=maybe_recompile pc=0x000002022e5302a4 method=java.util.HashMap.getNode(Ljava/lang/Object;)Ljava/util/HashMap$Node; @ 63 c2
Event: 0.940 Thread 0x000002023df77300 DEOPT PACKING pc=0x000002022e5302a4 sp=0x000000e1b65fd190
Event: 0.940 Thread 0x000002023df77300 DEOPT UNPACKING pc=0x0000020226a7f92e sp=0x000000e1b65fd108 mode 2
Event: 0.946 Thread 0x000002023df77300 Uncommon trap: trap_request=0xffffffde fr.pc=0x000002022e5302a4 relative=0x0000000000000464
Event: 0.946 Thread 0x000002023df77300 Uncommon trap: reason=class_check action=maybe_recompile pc=0x000002022e5302a4 method=java.util.HashMap.getNode(Ljava/lang/Object;)Ljava/util/HashMap$Node; @ 63 c2
Event: 0.947 Thread 0x000002023df77300 DEOPT PACKING pc=0x000002022e5302a4 sp=0x000000e1b65fd190
Event: 0.947 Thread 0x000002023df77300 DEOPT UNPACKING pc=0x0000020226a7f92e sp=0x000000e1b65fd108 mode 2

Classes unloaded (0 events):
No events

Classes redefined (0 events):
No events

Internal exceptions (17 events):
Event: 0.288 Thread 0x000002021f2a88c0 Exception <a 'sun/nio/fs/WindowsException'{0x000000008c63e848}> (0x000000008c63e848) 
thrown [t:\workspace\open\src\hotspot\share\prims\jni.cpp, line 579]
Event: 0.288 Thread 0x000002021f2a88c0 Exception <a 'sun/nio/fs/WindowsException'{0x000000008c63ee08}> (0x000000008c63ee08) 
thrown [t:\workspace\open\src\hotspot\share\prims\jni.cpp, line 579]
Event: 0.290 Thread 0x000002021f2a88c0 Exception <a 'sun/nio/fs/WindowsException'{0x000000008c642b80}> (0x000000008c642b80) 
thrown [t:\workspace\open\src\hotspot\share\prims\jni.cpp, line 579]
Event: 0.290 Thread 0x000002021f2a88c0 Exception <a 'sun/nio/fs/WindowsException'{0x000000008c643728}> (0x000000008c643728) 
thrown [t:\workspace\open\src\hotspot\share\prims\jni.cpp, line 579]
Event: 0.330 Thread 0x000002021f2a88c0 Exception <a 'java/lang/NoSuchMethodError'{0x000000008c501120}: 'void java.lang.invoke.DirectMethodHandle$Holder.invokeSpecial(java.lang.Object, java.lang.Object, java.lang.Object)'> (0x000000008c501120) 
thrown [t:\workspace\open\src\hotspot\share\interpreter\linkResolver.cpp, line 790]
Event: 0.339 Thread 0x000002021f2a88c0 Exception <a 'java/lang/ClassNotFoundException'{0x000000008c517b48}: sun/awt/resources/spi/awtProvider> (0x000000008c517b48) 
thrown [t:\workspace\open\src\hotspot\share\classfile\systemDictionary.cpp, line 256]
Event: 0.362 Thread 0x000002021f2a88c0 Exception <a 'java/io/FileNotFoundException'{0x000000008c56c178}> (0x000000008c56c178) 
thrown [t:\workspace\open\src\hotspot\share\prims\jni.cpp, line 579]
Event: 0.372 Thread 0x000002021f2a88c0 Exception <a 'java/io/FileNotFoundException'{0x000000008c59acb0}> (0x000000008c59acb0) 
thrown [t:\workspace\open\src\hotspot\share\prims\jni.cpp, line 579]
Event: 0.373 Thread 0x000002021f2a88c0 Exception <a 'java/lang/NoSuchMethodError'{0x000000008c59bda8}: 'java.lang.Object java.lang.invoke.DirectMethodHandle$Holder.invokeStatic(java.lang.Object)'> (0x000000008c59bda8) 
thrown [t:\workspace\open\src\hotspot\share\interpreter\linkResolver.cpp, line 790]
Event: 0.459 Thread 0x000002021f2a88c0 Exception <a 'java/lang/NoSuchMethodError'{0x000000008c5eb460}: 'java.lang.Object java.lang.invoke.DirectMethodHandle$Holder.invokeStaticInit(java.lang.Object)'> (0x000000008c5eb460) 
thrown [t:\workspace\open\src\hotspot\share\interpreter\linkResolver.cpp, line 790]
Event: 0.546 Thread 0x000002021f2a88c0 Exception <a 'java/lang/NoSuchMethodError'{0x000000008c4d2d50}: 'java.lang.Object java.lang.invoke.DirectMethodHandle$Holder.newInvokeSpecial(java.lang.Object, java.lang.Object, java.lang.Object, java.lang.Object, java.lang.Object)'> (0x000000008c4d2d50) 
thrown [t:\workspace\open\src\hotspot\share\interpreter\linkResolver.cpp, line 790]
Event: 0.552 Thread 0x000002021f2a88c0 Exception <a 'java/lang/NoSuchMethodError'{0x000000008c4de838}: 'java.lang.Object java.lang.invoke.DirectMethodHandle$Holder.invokeStatic(java.lang.Object, int, java.lang.Object, java.lang.Object, java.lang.Object, java.lang.Object)'> (0x000000008c4de838) 
thrown [t:\workspace\open\src\hotspot\share\interpreter\linkResolver.cpp, line 790]
Event: 0.564 Thread 0x000002021f2a88c0 Exception <a 'java/lang/NoSuchMethodError'{0x000000008c305018}: 'java.lang.Object java.lang.invoke.DirectMethodHandle$Holder.invokeStatic(java.lang.Object, int, java.lang.Object)'> (0x000000008c305018) 
thrown [t:\workspace\open\src\hotspot\share\interpreter\linkResolver.cpp, line 790]
Event: 0.626 Thread 0x000002021f2a88c0 Exception <a 'java/lang/ClassNotFoundException'{0x000000008c3bd478}: com/sun/swing/internal/plaf/metal/resources/spi/metalProvider> (0x000000008c3bd478) 
thrown [t:\workspace\open\src\hotspot\share\classfile\systemDictionary.cpp, line 256]
Event: 0.627 Thread 0x000002021f2a88c0 Exception <a 'java/lang/ClassNotFoundException'{0x000000008c3c1720}: com/sun/swing/internal/plaf/basic/resources/spi/basicProvider> (0x000000008c3c1720) 
thrown [t:\workspace\open\src\hotspot\share\classfile\systemDictionary.cpp, line 256]
Event: 0.660 Thread 0x000002023defe1e0 Exception <a 'java/lang/NoSuchMethodError'{0x000000008c4101c8}: 'void java.lang.invoke.DirectMethodHandle$Holder.invokeVirtual(java.lang.Object, java.lang.Object)'> (0x000000008c4101c8) 
thrown [t:\workspace\open\src\hotspot\share\interpreter\linkResolver.cpp, line 790]
Event: 0.692 Thread 0x000002021f2a88c0 Exception <a 'java/lang/NoSuchMethodError'{0x000000008c213aa0}: 'void java.lang.invoke.DirectMethodHandle$Holder.invokeStaticInit(java.lang.Object)'> (0x000000008c213aa0) 
thrown [t:\workspace\open\src\hotspot\share\interpreter\linkResolver.cpp, line 790]

Events (20 events):
Event: 0.984 loading class java/text/CharacterIterator done
Event: 0.984 loading class java/text/AttributedCharacterIterator done
Event: 0.985 loading class java/text/AttributedString$AttributedStringIterator done
Event: 0.988 loading class java/util/concurrent/locks/AbstractQueuedSynchronizer$ConditionNode
Event: 0.988 loading class java/util/concurrent/ForkJoinPool$ManagedBlocker
Event: 0.988 loading class java/util/concurrent/ForkJoinPool$ManagedBlocker done
Event: 0.988 loading class java/util/concurrent/locks/AbstractQueuedSynchronizer$Node
Event: 0.988 loading class java/util/concurrent/locks/AbstractQueuedSynchronizer$Node done
Event: 0.988 loading class java/util/concurrent/locks/AbstractQueuedSynchronizer$ConditionNode done
Event: 1.627 loading class java/util/concurrent/locks/AbstractQueuedSynchronizer$ExclusiveNode
Event: 1.627 loading class java/util/concurrent/locks/AbstractQueuedSynchronizer$ExclusiveNode done
Event: 1.630 Thread 0x000002023dd966a0 Thread exited: 0x000002023dd966a0
Event: 1.972 Executing  VM operation: Cleanup
Event: 1.972 Executing  VM operation: Cleanup done
Event: 2.986 Executing  VM operation: Cleanup
Event: 2.986 Executing  VM operation: Cleanup done
Event: 3.723 loading class java/awt/KeyboardFocusManager$2
Event: 3.723 loading class java/awt/KeyboardFocusManager$2 done
Event: 3.723 loading class sun/awt/SunToolkit$1
Event: 3.723 loading class sun/awt/SunToolkit$1 done


Dynamic libraries:
0x00007ff6eb390000 - 0x00007ff6eb3a0000 	C:\Program Files\Java\jdk-16.0.1\bin\java.exe
0x00007ffc3cef0000 - 0x00007ffc3d0e5000 	C:\WINDOWS\SYSTEM32\ntdll.dll
0x00007ffc3b1e0000 - 0x00007ffc3b29d000 	C:\WINDOWS\System32\KERNEL32.DLL
0x00007ffc3ac80000 - 0x00007ffc3af48000 	C:\WINDOWS\System32\KERNELBASE.dll
0x00007ffc3a940000 - 0x00007ffc3aa40000 	C:\WINDOWS\System32\ucrtbase.dll
0x00007ffc252e0000 - 0x00007ffc252f9000 	C:\Program Files\Java\jdk-16.0.1\bin\VCRUNTIME140.dll
0x00007ffc32190000 - 0x00007ffc321a8000 	C:\Program Files\Java\jdk-16.0.1\bin\jli.dll
0x00007ffc3b800000 - 0x00007ffc3b8ac000 	C:\WINDOWS\System32\ADVAPI32.dll
0x00007ffc3b750000 - 0x00007ffc3b7ee000 	C:\WINDOWS\System32\msvcrt.dll
0x00007ffc3c710000 - 0x00007ffc3c7ab000 	C:\WINDOWS\System32\sechost.dll
0x00007ffc3b080000 - 0x00007ffc3b1ab000 	C:\WINDOWS\System32\RPCRT4.dll
0x00007ffc3b8b0000 - 0x00007ffc3ba50000 	C:\WINDOWS\System32\USER32.dll
0x00007ffc3abd0000 - 0x00007ffc3abf2000 	C:\WINDOWS\System32\win32u.dll
0x00007ffc3c370000 - 0x00007ffc3c39a000 	C:\WINDOWS\System32\GDI32.dll
0x00007ffc22260000 - 0x00007ffc224fa000 	C:\WINDOWS\WinSxS\amd64_microsoft.windows.common-controls_6595b64144ccf1df_6.0.19041.844_none_ca00b6081b84eb1d\COMCTL32.dll
0x00007ffc3a740000 - 0x00007ffc3a84b000 	C:\WINDOWS\System32\gdi32full.dll
0x00007ffc3a850000 - 0x00007ffc3a8ed000 	C:\WINDOWS\System32\msvcp_win.dll
0x00007ffc335f0000 - 0x00007ffc335fa000 	C:\WINDOWS\SYSTEM32\VERSION.dll
0x00007ffc3b1b0000 - 0x00007ffc3b1e0000 	C:\WINDOWS\System32\IMM32.DLL
0x00007ffc245d0000 - 0x00007ffc245dc000 	C:\Program Files\Java\jdk-16.0.1\bin\vcruntime140_1.dll
0x00007ffc22be0000 - 0x00007ffc22c71000 	C:\Program Files\Java\jdk-16.0.1\bin\msvcp140.dll
0x00007ffbd9900000 - 0x00007ffbda4ab000 	C:\Program Files\Java\jdk-16.0.1\bin\server\jvm.dll
0x00007ffc3c410000 - 0x00007ffc3c418000 	C:\WINDOWS\System32\PSAPI.DLL
0x00007ffc292f0000 - 0x00007ffc292f9000 	C:\WINDOWS\SYSTEM32\WSOCK32.dll
0x00007ffc20a50000 - 0x00007ffc20a77000 	C:\WINDOWS\SYSTEM32\WINMM.dll
0x00007ffc3c3a0000 - 0x00007ffc3c40b000 	C:\WINDOWS\System32\WS2_32.dll
0x00007ffc38f00000 - 0x00007ffc38f12000 	C:\WINDOWS\SYSTEM32\kernel.appcore.dll
0x00007ffc245c0000 - 0x00007ffc245ca000 	C:\Program Files\Java\jdk-16.0.1\bin\jimage.dll
0x00007ffc38ce0000 - 0x00007ffc38ec4000 	C:\WINDOWS\SYSTEM32\DBGHELP.DLL
0x00007ffc1dc80000 - 0x00007ffc1dcac000 	C:\WINDOWS\SYSTEM32\dbgcore.DLL
0x00007ffc3ac00000 - 0x00007ffc3ac80000 	C:\WINDOWS\System32\bcryptPrimitives.dll
0x00007ffc24340000 - 0x00007ffc24365000 	C:\Program Files\Java\jdk-16.0.1\bin\java.dll
0x00007ffc3bb00000 - 0x00007ffc3c242000 	C:\WINDOWS\System32\SHELL32.dll
0x00007ffc38490000 - 0x00007ffc38c20000 	C:\WINDOWS\SYSTEM32\windows.storage.dll
0x00007ffc3b3f0000 - 0x00007ffc3b745000 	C:\WINDOWS\System32\combase.dll
0x00007ffc39fd0000 - 0x00007ffc39ffc000 	C:\WINDOWS\SYSTEM32\Wldp.dll
0x00007ffc3ba50000 - 0x00007ffc3bafe000 	C:\WINDOWS\System32\SHCORE.dll
0x00007ffc3c420000 - 0x00007ffc3c475000 	C:\WINDOWS\System32\shlwapi.dll
0x00007ffc3a570000 - 0x00007ffc3a58f000 	C:\WINDOWS\SYSTEM32\profapi.dll
0x00007ffc23c80000 - 0x00007ffc23c99000 	C:\Program Files\Java\jdk-16.0.1\bin\net.dll
0x00007ffc2a950000 - 0x00007ffc2aa5b000 	C:\WINDOWS\SYSTEM32\WINHTTP.dll
0x00007ffc39d40000 - 0x00007ffc39daa000 	C:\WINDOWS\system32\mswsock.dll
0x00007ffc23ae0000 - 0x00007ffc23af3000 	C:\Program Files\Java\jdk-16.0.1\bin\nio.dll
0x00007ffc23a40000 - 0x00007ffc23a58000 	C:\Program Files\Java\jdk-16.0.1\bin\zip.dll
0x00007ffbf1da0000 - 0x00007ffbf1f20000 	C:\Program Files\Java\jdk-16.0.1\bin\awt.dll
0x00007ffc3b2a0000 - 0x00007ffc3b36d000 	C:\WINDOWS\System32\OLEAUT32.dll
0x00007ffc379b0000 - 0x00007ffc37a40000 	C:\WINDOWS\SYSTEM32\apphelp.dll
0x00007ffc37f40000 - 0x00007ffc37f6f000 	C:\WINDOWS\system32\DWMAPI.DLL
0x00007ffc37b90000 - 0x00007ffc37c2e000 	C:\WINDOWS\system32\uxtheme.dll
0x00007ffc1b360000 - 0x00007ffc1b486000 	C:\WINDOWS\system32\opengl32.dll
0x00007ffc24d30000 - 0x00007ffc24d5c000 	C:\WINDOWS\SYSTEM32\GLU32.dll
0x00007ffc3c7b0000 - 0x00007ffc3c8c5000 	C:\WINDOWS\System32\MSCTF.dll
0x00007ffc3af50000 - 0x00007ffc3b07a000 	C:\WINDOWS\System32\ole32.dll
0x00007ffc22ab0000 - 0x00007ffc22b39000 	C:\Program Files\Java\jdk-16.0.1\bin\freetype.dll
0x00007ffc1b500000 - 0x00007ffc1b5f6000 	C:\Program Files\Java\jdk-16.0.1\bin\harfbuzz.dll
0x00007ffc23a20000 - 0x00007ffc23a32000 	C:\Program Files\Java\jdk-16.0.1\bin\fontmanager.dll
0x00007ffc24b10000 - 0x00007ffc24c09000 	C:\WINDOWS\SYSTEM32\textinputframework.dll
0x00007ffc37340000 - 0x00007ffc3769e000 	C:\WINDOWS\System32\CoreUIComponents.dll
0x00007ffc376a0000 - 0x00007ffc37792000 	C:\WINDOWS\System32\CoreMessaging.dll
0x00007ffc39370000 - 0x00007ffc393a3000 	C:\WINDOWS\SYSTEM32\ntmarta.dll
0x00007ffc35fe0000 - 0x00007ffc36134000 	C:\WINDOWS\SYSTEM32\wintypes.dll

dbghelp: loaded successfully - version: 4.0.5 - missing functions: none
symbol engine: initialized successfully - sym options: 0x614 - pdb path: .;C:\Program Files\Java\jdk-16.0.1\bin;C:\WINDOWS\SYSTEM32;C:\WINDOWS\WinSxS\amd64_microsoft.windows.common-controls_6595b64144ccf1df_6.0.19041.844_none_ca00b6081b84eb1d;C:\Program Files\Java\jdk-16.0.1\bin\server

VM Arguments:
jvm_args: -Dfile.encoding=UTF-8 --module-path=C:\Users\mahaj\OneDrive\Documents\NetBeansProjects\Library.Management.System\build\classes 
java_command: ReadMe
java_class_path (initial): C:\Users\mahaj\Downloads\mysql-connector-java-8.0.21\mysql-connector-java-8.0.21.jar;C:\Users\mahaj\Downloads\jar_files\jcalendar-1.2.2.jar;C:\Users\mahaj\OneDrive\Documents\NetBeansProjects\Library.Management.System\build\classes
Launcher Type: SUN_STANDARD

[Global flags]
     intx CICompilerCount                          = 4                                         {product} {ergonomic}
     uint ConcGCThreads                            = 2                                         {product} {ergonomic}
     uint G1ConcRefinementThreads                  = 8                                         {product} {ergonomic}
   size_t G1HeapRegionSize                         = 1048576                                   {product} {ergonomic}
    uintx GCDrainStackTargetSize                   = 64                                        {product} {ergonomic}
   size_t InitialHeapSize                          = 130023424                                 {product} {ergonomic}
   size_t MarkStackSize                            = 4194304                                   {product} {ergonomic}
   size_t MaxHeapSize                              = 2067791872                                {product} {ergonomic}
   size_t MaxNewSize                               = 1240465408                                {product} {ergonomic}
   size_t MinHeapDeltaBytes                        = 1048576                                   {product} {ergonomic}
   size_t MinHeapSize                              = 8388608                                   {product} {ergonomic}
    uintx NonNMethodCodeHeapSize                   = 5839372                                {pd product} {ergonomic}
    uintx NonProfiledCodeHeapSize                  = 122909434                              {pd product} {ergonomic}
    uintx ProfiledCodeHeapSize                     = 122909434                              {pd product} {ergonomic}
    uintx ReservedCodeCacheSize                    = 251658240                              {pd product} {ergonomic}
     bool SegmentedCodeCache                       = true                                      {product} {ergonomic}
   size_t SoftMaxHeapSize                          = 2067791872                             {manageable} {ergonomic}
     bool UseCompressedClassPointers               = true                           {product lp64_product} {ergonomic}
     bool UseCompressedOops                        = true                           {product lp64_product} {ergonomic}
     bool UseG1GC                                  = true                                      {product} {ergonomic}
     bool UseLargePagesIndividualAllocation        = false                                  {pd product} {ergonomic}

Logging:
Log output configuration:
 #0: stdout all=warning uptime,level,tags
 #1: stderr all=off uptime,level,tags

Environment Variables:
PATH=C:\Program Files\Common Files\Oracle\Java\javapath;C:\WINDOWS\system32;C:\WINDOWS;C:\WINDOWS\System32\Wbem;C:\WINDOWS\System32\WindowsPowerShell\v1.0\;C:\WINDOWS\System32\OpenSSH\;C:\Program Files\Java\jdk-16.0.1\bin;C:\Users\mahaj\AppData\Local\Microsoft\WindowsApps;
USERNAME=mahaj
OS=Windows_NT
PROCESSOR_IDENTIFIER=Intel64 Family 6 Model 126 Stepping 5, GenuineIntel



---------------  S Y S T E M  ---------------

OS:
 Windows 10 , 64 bit Build 19041 (10.0.19041.928)
OS uptime: 4 days 11:45 hours

CPU: total 8 (initial active 8) (4 cores per cpu, 2 threads per core) family 6 model 126 stepping 5 microcode 0xa0, cx8, cmov, fxsr, ht, mmx, 3dnowpref, sse, sse2, sse3, ssse3, sse4.1, sse4.2, popcnt, lzcnt, tsc, tscinvbit, avx, avx2, aes, erms, clmul, bmi1, bmi2, adx, avx512f, avx512dq, avx512cd, avx512bw, avx512vl, sha, fma, vzeroupper, avx512_vpopcntdq, avx512_vpclmulqdq, avx512_vaes, avx512_vnni, clflush, clflushopt, avx512_vmbi2, avx512_vmbi

Memory: 4k page, system-wide physical 7880M (717M free)
TotalPageFile size 32456M (AvailPageFile size 0M)
current process WorkingSet (physical memory assigned to process): 55M, peak: 57M
current process commit charge ("private bytes"): 214M, peak: 216M

vm_info: Java HotSpot(TM) 64-Bit Server VM (16.0.1+9-24) for windows-amd64 JRE (16.0.1+9-24), built on Mar 26 2021 19:31:42 by "mach5one" with MS VC++ 16.7 (VS2019)

END.
