#
# There is insufficient memory for the Java Runtime Environment to continue.
# Native memory allocation (malloc) failed to allocate 32744 bytes for ChunkPool::allocate
# Possible reasons:
#   The system is out of physical RAM or swap space
#   The process is running with CompressedOops enabled, and the Java Heap may be blocking the growth of the native heap
# Possible solutions:
#   Reduce memory load on the system
#   Increase physical memory or swap space
#   Check if swap backing store is full
#   Decrease Java heap size (-Xmx/-Xms)
#   Decrease number of Java threads
#   Decrease Java thread stack sizes (-Xss)
#   Set larger code cache with -XX:ReservedCodeCacheSize=
#   JVM is running with Unscaled Compressed Oops mode in which the Java heap is
#     placed in the first 4GB address space. The Java Heap base address is the
#     maximum limit for the native heap growth. Please use -XX:HeapBaseMinAddress
#     to set the Java Heap base and to place the Java Heap above 4GB virtual address.
# This output file may be truncated or incomplete.
#
#  Out of Memory Error (arena.cpp:79), pid=18124, tid=22872
#
# JRE version: Java(TM) SE Runtime Environment (16.0.1+9) (build 16.0.1+9-24)
# Java VM: Java HotSpot(TM) 64-Bit Server VM (16.0.1+9-24, mixed mode, sharing, tiered, compressed oops, compressed class ptrs, g1 gc, windows-amd64)
# No core dump will be written. Minidumps are not enabled by default on client versions of Windows
#

---------------  S U M M A R Y ------------

Command Line: -Dfile.encoding=UTF-8 --module-path=C:\Users\mahaj\OneDrive\Documents\NetBeansProjects\Library.Management.System\build\classes ReadMe

Host: Intel(R) Core(TM) i5-1035G1 CPU @ 1.00GHz, 8 cores, 7G,  Windows 10 , 64 bit Build 19041 (10.0.19041.928)
Time: Thu May 27 01:12:45 2021 India Standard Time elapsed time: 1463.190639 seconds (0d 0h 24m 23s)

---------------  T H R E A D  ---------------

Current thread (0x0000025c78f522c0):  JavaThread "C2 CompilerThread0" daemon [_thread_in_native, id=22872, stack(0x0000009e58300000,0x0000009e58400000)]


Current CompileTask:
C2:1463190  817       4       jdk.internal.org.objectweb.asm.Symbol::<init> (38 bytes)

Stack: [0x0000009e58300000,0x0000009e58400000]
Native frames: (J=compiled Java code, j=interpreted, Vv=VM code, C=native code)
V  [jvm.dll+0x6687ca]
V  [jvm.dll+0x7ca3c9]
V  [jvm.dll+0x7cbb53]
V  [jvm.dll+0x7cc1b3]
V  [jvm.dll+0x242ea5]
V  [jvm.dll+0xae25f]
V  [jvm.dll+0xae5ac]
V  [jvm.dll+0x2a5325]
V  [jvm.dll+0x574359]
V  [jvm.dll+0x21eb55]
V  [jvm.dll+0x217e51]
V  [jvm.dll+0x21524c]
V  [jvm.dll+0x1a1d9b]
V  [jvm.dll+0x2253a8]
V  [jvm.dll+0x2233ec]
V  [jvm.dll+0x780002]
V  [jvm.dll+0x779b4a]
V  [jvm.dll+0x667666]
C  [ucrtbase.dll+0x21bb2]
C  [KERNEL32.DLL+0x17034]
C  [ntdll.dll+0x52651]


---------------  P R O C E S S  ---------------

Threads class SMR info:
_java_thread_list=0x0000025c7a7d7ed0, length=16, elements={
0x0000025c78f3c040, 0x0000025c78f3ca40, 0x0000025c78f49360, 0x0000025c78f4bc80,
0x0000025c78f4c680, 0x0000025c78f4d080, 0x0000025c78f522c0, 0x0000025c78f56dc0,
0x0000025c78f63420, 0x0000025c78f18340, 0x0000025c799e6800, 0x0000025c79b91e00,
0x0000025c79b92620, 0x0000025c79bd3d00, 0x0000025c79c20fa0, 0x0000025c5b178bf0
}

Java Threads: ( => current thread )
  0x0000025c78f3c040 JavaThread "Reference Handler" daemon [_thread_blocked, id=25388, stack(0x0000009e57d00000,0x0000009e57e00000)]
  0x0000025c78f3ca40 JavaThread "Finalizer" daemon [_thread_blocked, id=29564, stack(0x0000009e57e00000,0x0000009e57f00000)]
  0x0000025c78f49360 JavaThread "Signal Dispatcher" daemon [_thread_blocked, id=3640, stack(0x0000009e57f00000,0x0000009e58000000)]
  0x0000025c78f4bc80 JavaThread "Attach Listener" daemon [_thread_blocked, id=30740, stack(0x0000009e58000000,0x0000009e58100000)]
  0x0000025c78f4c680 JavaThread "Service Thread" daemon [_thread_blocked, id=24236, stack(0x0000009e58100000,0x0000009e58200000)]
  0x0000025c78f4d080 JavaThread "Monitor Deflation Thread" daemon [_thread_blocked, id=2820, stack(0x0000009e58200000,0x0000009e58300000)]
=>0x0000025c78f522c0 JavaThread "C2 CompilerThread0" daemon [_thread_in_native, id=22872, stack(0x0000009e58300000,0x0000009e58400000)]
  0x0000025c78f56dc0 JavaThread "C1 CompilerThread0" daemon [_thread_blocked, id=14628, stack(0x0000009e58400000,0x0000009e58500000)]
  0x0000025c78f63420 JavaThread "Sweeper thread" daemon [_thread_blocked, id=24356, stack(0x0000009e58500000,0x0000009e58600000)]
  0x0000025c78f18340 JavaThread "Common-Cleaner" daemon [_thread_blocked, id=3512, stack(0x0000009e58600000,0x0000009e58700000)]
  0x0000025c799e6800 JavaThread "Notification Thread" daemon [_thread_blocked, id=18360, stack(0x0000009e58700000,0x0000009e58800000)]
  0x0000025c79b91e00 JavaThread "Java2D Disposer" daemon [_thread_blocked, id=8684, stack(0x0000009e58a00000,0x0000009e58b00000)]
  0x0000025c79b92620 JavaThread "AWT-Shutdown" [_thread_blocked, id=25828, stack(0x0000009e58b00000,0x0000009e58c00000)]
  0x0000025c79bd3d00 JavaThread "AWT-Windows" daemon [_thread_in_native, id=27168, stack(0x0000009e58c00000,0x0000009e58d00000)]
  0x0000025c79c20fa0 JavaThread "AWT-EventQueue-0" [_thread_in_native, id=28448, stack(0x0000009e58d00000,0x0000009e58e00000)]
  0x0000025c5b178bf0 JavaThread "DestroyJavaVM" [_thread_blocked, id=12064, stack(0x0000009e57600000,0x0000009e57700000)]

Other Threads:
  0x0000025c78f33630 VMThread "VM Thread" [stack: 0x0000009e57c00000,0x0000009e57d00000] [id=28636]
  0x0000025c5b179a70 WatcherThread [stack: 0x0000009e58800000,0x0000009e58900000] [id=19532]
  0x0000025c5b1b7570 GCTaskThread "GC Thread#0" [stack: 0x0000009e57700000,0x0000009e57800000] [id=20856]
  0x0000025c5b1c9f50 ConcurrentGCThread "G1 Main Marker" [stack: 0x0000009e57800000,0x0000009e57900000] [id=14576]
  0x0000025c5b1ca8c0 ConcurrentGCThread "G1 Conc#0" [stack: 0x0000009e57900000,0x0000009e57a00000] [id=12452]
  0x0000025c5b242310 ConcurrentGCThread "G1 Refine#0" [stack: 0x0000009e57a00000,0x0000009e57b00000] [id=16268]
  0x0000025c5b242c90 ConcurrentGCThread "G1 Service" [stack: 0x0000009e57b00000,0x0000009e57c00000] [id=28688]

Threads with active compile tasks:
C2 CompilerThread0  1463232  817       4       jdk.internal.org.objectweb.asm.Symbol::<init> (38 bytes)

VM state: not at safepoint (normal execution)

VM Mutex/Monitor currently owned by a thread: None

Heap address: 0x0000000084c00000, size: 1972 MB, Compressed Oops mode: 32-bit

CDS archive(s) mapped at: [0x0000000800000000-0x0000000800bb0000-0x0000000800bb0000), size 12255232, SharedBaseAddress: 0x0000000800000000, ArchiveRelocationMode: 0.
Compressed class space mapped at: 0x0000000800c00000-0x0000000840c00000, reserved size: 1073741824
Narrow klass base: 0x0000000800000000, Narrow klass shift: 3, Narrow klass range: 0x100000000

GC Precious Log:
 CPUs: 8 total, 8 available
 Memory: 7880M
 Large Page Support: Disabled
 NUMA Support: Disabled
 Compressed Oops: Enabled (32-bit)
 Heap Region Size: 1M
 Heap Min Capacity: 8M
 Heap Initial Capacity: 124M
 Heap Max Capacity: 1972M
 Pre-touch: Disabled
 Parallel Workers: 8
 Concurrent Workers: 2
 Concurrent Refinement Workers: 8
 Periodic GC: Disabled

Heap:
 garbage-first heap   total 126976K, used 9216K [0x0000000084c00000, 0x0000000100000000)
  region size 1024K, 7 young (7168K), 0 survivors (0K)
 Metaspace       used 6397K, committed 6592K, reserved 1056768K
  class space    used 670K, committed 768K, reserved 1048576K

Heap Regions: E=young(eden), S=young(survivor), O=old, HS=humongous(starts), HC=humongous(continues), CS=collection set, F=free, OA=open archive, CA=closed archive, TAMS=top-at-mark-start (previous, next)
|   0|0x0000000084c00000, 0x0000000084d00000, 0x0000000084d00000|100%|HS|  |TAMS 0x0000000084c00000, 0x0000000084c00000| Complete 
|   1|0x0000000084d00000, 0x0000000084e00000, 0x0000000084e00000|100%|HC|  |TAMS 0x0000000084d00000, 0x0000000084d00000| Complete 
|   2|0x0000000084e00000, 0x0000000084f00000, 0x0000000084f00000|100%|HC|  |TAMS 0x0000000084e00000, 0x0000000084e00000| Complete 
|   3|0x0000000084f00000, 0x0000000084f00000, 0x0000000085000000|  0%| F|  |TAMS 0x0000000084f00000, 0x0000000084f00000| Untracked 
|   4|0x0000000085000000, 0x0000000085000000, 0x0000000085100000|  0%| F|  |TAMS 0x0000000085000000, 0x0000000085000000| Untracked 
|   5|0x0000000085100000, 0x0000000085100000, 0x0000000085200000|  0%| F|  |TAMS 0x0000000085100000, 0x0000000085100000| Untracked 
|   6|0x0000000085200000, 0x0000000085200000, 0x0000000085300000|  0%| F|  |TAMS 0x0000000085200000, 0x0000000085200000| Untracked 
|   7|0x0000000085300000, 0x0000000085300000, 0x0000000085400000|  0%| F|  |TAMS 0x0000000085300000, 0x0000000085300000| Untracked 
|   8|0x0000000085400000, 0x0000000085400000, 0x0000000085500000|  0%| F|  |TAMS 0x0000000085400000, 0x0000000085400000| Untracked 
|   9|0x0000000085500000, 0x0000000085500000, 0x0000000085600000|  0%| F|  |TAMS 0x0000000085500000, 0x0000000085500000| Untracked 
|  10|0x0000000085600000, 0x0000000085600000, 0x0000000085700000|  0%| F|  |TAMS 0x0000000085600000, 0x0000000085600000| Untracked 
|  11|0x0000000085700000, 0x0000000085700000, 0x0000000085800000|  0%| F|  |TAMS 0x0000000085700000, 0x0000000085700000| Untracked 
|  12|0x0000000085800000, 0x0000000085800000, 0x0000000085900000|  0%| F|  |TAMS 0x0000000085800000, 0x0000000085800000| Untracked 
|  13|0x0000000085900000, 0x0000000085900000, 0x0000000085a00000|  0%| F|  |TAMS 0x0000000085900000, 0x0000000085900000| Untracked 
|  14|0x0000000085a00000, 0x0000000085a00000, 0x0000000085b00000|  0%| F|  |TAMS 0x0000000085a00000, 0x0000000085a00000| Untracked 
|  15|0x0000000085b00000, 0x0000000085b00000, 0x0000000085c00000|  0%| F|  |TAMS 0x0000000085b00000, 0x0000000085b00000| Untracked 
|  16|0x0000000085c00000, 0x0000000085c00000, 0x0000000085d00000|  0%| F|  |TAMS 0x0000000085c00000, 0x0000000085c00000| Untracked 
|  17|0x0000000085d00000, 0x0000000085d00000, 0x0000000085e00000|  0%| F|  |TAMS 0x0000000085d00000, 0x0000000085d00000| Untracked 
|  18|0x0000000085e00000, 0x0000000085e00000, 0x0000000085f00000|  0%| F|  |TAMS 0x0000000085e00000, 0x0000000085e00000| Untracked 
|  19|0x0000000085f00000, 0x0000000085f00000, 0x0000000086000000|  0%| F|  |TAMS 0x0000000085f00000, 0x0000000085f00000| Untracked 
|  20|0x0000000086000000, 0x0000000086000000, 0x0000000086100000|  0%| F|  |TAMS 0x0000000086000000, 0x0000000086000000| Untracked 
|  21|0x0000000086100000, 0x0000000086100000, 0x0000000086200000|  0%| F|  |TAMS 0x0000000086100000, 0x0000000086100000| Untracked 
|  22|0x0000000086200000, 0x0000000086200000, 0x0000000086300000|  0%| F|  |TAMS 0x0000000086200000, 0x0000000086200000| Untracked 
|  23|0x0000000086300000, 0x0000000086300000, 0x0000000086400000|  0%| F|  |TAMS 0x0000000086300000, 0x0000000086300000| Untracked 
|  24|0x0000000086400000, 0x0000000086400000, 0x0000000086500000|  0%| F|  |TAMS 0x0000000086400000, 0x0000000086400000| Untracked 
|  25|0x0000000086500000, 0x0000000086500000, 0x0000000086600000|  0%| F|  |TAMS 0x0000000086500000, 0x0000000086500000| Untracked 
|  26|0x0000000086600000, 0x0000000086600000, 0x0000000086700000|  0%| F|  |TAMS 0x0000000086600000, 0x0000000086600000| Untracked 
|  27|0x0000000086700000, 0x0000000086700000, 0x0000000086800000|  0%| F|  |TAMS 0x0000000086700000, 0x0000000086700000| Untracked 
|  28|0x0000000086800000, 0x0000000086800000, 0x0000000086900000|  0%| F|  |TAMS 0x0000000086800000, 0x0000000086800000| Untracked 
|  29|0x0000000086900000, 0x0000000086900000, 0x0000000086a00000|  0%| F|  |TAMS 0x0000000086900000, 0x0000000086900000| Untracked 
|  30|0x0000000086a00000, 0x0000000086a00000, 0x0000000086b00000|  0%| F|  |TAMS 0x0000000086a00000, 0x0000000086a00000| Untracked 
|  31|0x0000000086b00000, 0x0000000086b00000, 0x0000000086c00000|  0%| F|  |TAMS 0x0000000086b00000, 0x0000000086b00000| Untracked 
|  32|0x0000000086c00000, 0x0000000086c00000, 0x0000000086d00000|  0%| F|  |TAMS 0x0000000086c00000, 0x0000000086c00000| Untracked 
|  33|0x0000000086d00000, 0x0000000086d00000, 0x0000000086e00000|  0%| F|  |TAMS 0x0000000086d00000, 0x0000000086d00000| Untracked 
|  34|0x0000000086e00000, 0x0000000086e00000, 0x0000000086f00000|  0%| F|  |TAMS 0x0000000086e00000, 0x0000000086e00000| Untracked 
|  35|0x0000000086f00000, 0x0000000086f00000, 0x0000000087000000|  0%| F|  |TAMS 0x0000000086f00000, 0x0000000086f00000| Untracked 
|  36|0x0000000087000000, 0x0000000087000000, 0x0000000087100000|  0%| F|  |TAMS 0x0000000087000000, 0x0000000087000000| Untracked 
|  37|0x0000000087100000, 0x0000000087100000, 0x0000000087200000|  0%| F|  |TAMS 0x0000000087100000, 0x0000000087100000| Untracked 
|  38|0x0000000087200000, 0x0000000087200000, 0x0000000087300000|  0%| F|  |TAMS 0x0000000087200000, 0x0000000087200000| Untracked 
|  39|0x0000000087300000, 0x0000000087300000, 0x0000000087400000|  0%| F|  |TAMS 0x0000000087300000, 0x0000000087300000| Untracked 
|  40|0x0000000087400000, 0x0000000087400000, 0x0000000087500000|  0%| F|  |TAMS 0x0000000087400000, 0x0000000087400000| Untracked 
|  41|0x0000000087500000, 0x0000000087500000, 0x0000000087600000|  0%| F|  |TAMS 0x0000000087500000, 0x0000000087500000| Untracked 
|  42|0x0000000087600000, 0x0000000087600000, 0x0000000087700000|  0%| F|  |TAMS 0x0000000087600000, 0x0000000087600000| Untracked 
|  43|0x0000000087700000, 0x0000000087700000, 0x0000000087800000|  0%| F|  |TAMS 0x0000000087700000, 0x0000000087700000| Untracked 
|  44|0x0000000087800000, 0x0000000087800000, 0x0000000087900000|  0%| F|  |TAMS 0x0000000087800000, 0x0000000087800000| Untracked 
|  45|0x0000000087900000, 0x0000000087900000, 0x0000000087a00000|  0%| F|  |TAMS 0x0000000087900000, 0x0000000087900000| Untracked 
|  46|0x0000000087a00000, 0x0000000087a00000, 0x0000000087b00000|  0%| F|  |TAMS 0x0000000087a00000, 0x0000000087a00000| Untracked 
|  47|0x0000000087b00000, 0x0000000087b00000, 0x0000000087c00000|  0%| F|  |TAMS 0x0000000087b00000, 0x0000000087b00000| Untracked 
|  48|0x0000000087c00000, 0x0000000087c00000, 0x0000000087d00000|  0%| F|  |TAMS 0x0000000087c00000, 0x0000000087c00000| Untracked 
|  49|0x0000000087d00000, 0x0000000087d00000, 0x0000000087e00000|  0%| F|  |TAMS 0x0000000087d00000, 0x0000000087d00000| Untracked 
|  50|0x0000000087e00000, 0x0000000087e00000, 0x0000000087f00000|  0%| F|  |TAMS 0x0000000087e00000, 0x0000000087e00000| Untracked 
|  51|0x0000000087f00000, 0x0000000087f00000, 0x0000000088000000|  0%| F|  |TAMS 0x0000000087f00000, 0x0000000087f00000| Untracked 
|  52|0x0000000088000000, 0x0000000088000000, 0x0000000088100000|  0%| F|  |TAMS 0x0000000088000000, 0x0000000088000000| Untracked 
|  53|0x0000000088100000, 0x0000000088100000, 0x0000000088200000|  0%| F|  |TAMS 0x0000000088100000, 0x0000000088100000| Untracked 
|  54|0x0000000088200000, 0x0000000088200000, 0x0000000088300000|  0%| F|  |TAMS 0x0000000088200000, 0x0000000088200000| Untracked 
|  55|0x0000000088300000, 0x0000000088300000, 0x0000000088400000|  0%| F|  |TAMS 0x0000000088300000, 0x0000000088300000| Untracked 
|  56|0x0000000088400000, 0x0000000088400000, 0x0000000088500000|  0%| F|  |TAMS 0x0000000088400000, 0x0000000088400000| Untracked 
|  57|0x0000000088500000, 0x0000000088500000, 0x0000000088600000|  0%| F|  |TAMS 0x0000000088500000, 0x0000000088500000| Untracked 
|  58|0x0000000088600000, 0x0000000088600000, 0x0000000088700000|  0%| F|  |TAMS 0x0000000088600000, 0x0000000088600000| Untracked 
|  59|0x0000000088700000, 0x0000000088700000, 0x0000000088800000|  0%| F|  |TAMS 0x0000000088700000, 0x0000000088700000| Untracked 
|  60|0x0000000088800000, 0x0000000088800000, 0x0000000088900000|  0%| F|  |TAMS 0x0000000088800000, 0x0000000088800000| Untracked 
|  61|0x0000000088900000, 0x0000000088900000, 0x0000000088a00000|  0%| F|  |TAMS 0x0000000088900000, 0x0000000088900000| Untracked 
|  62|0x0000000088a00000, 0x0000000088a00000, 0x0000000088b00000|  0%| F|  |TAMS 0x0000000088a00000, 0x0000000088a00000| Untracked 
|  63|0x0000000088b00000, 0x0000000088b00000, 0x0000000088c00000|  0%| F|  |TAMS 0x0000000088b00000, 0x0000000088b00000| Untracked 
|  64|0x0000000088c00000, 0x0000000088c00000, 0x0000000088d00000|  0%| F|  |TAMS 0x0000000088c00000, 0x0000000088c00000| Untracked 
|  65|0x0000000088d00000, 0x0000000088d00000, 0x0000000088e00000|  0%| F|  |TAMS 0x0000000088d00000, 0x0000000088d00000| Untracked 
|  66|0x0000000088e00000, 0x0000000088e00000, 0x0000000088f00000|  0%| F|  |TAMS 0x0000000088e00000, 0x0000000088e00000| Untracked 
|  67|0x0000000088f00000, 0x0000000088f00000, 0x0000000089000000|  0%| F|  |TAMS 0x0000000088f00000, 0x0000000088f00000| Untracked 
|  68|0x0000000089000000, 0x0000000089000000, 0x0000000089100000|  0%| F|  |TAMS 0x0000000089000000, 0x0000000089000000| Untracked 
|  69|0x0000000089100000, 0x0000000089100000, 0x0000000089200000|  0%| F|  |TAMS 0x0000000089100000, 0x0000000089100000| Untracked 
|  70|0x0000000089200000, 0x0000000089200000, 0x0000000089300000|  0%| F|  |TAMS 0x0000000089200000, 0x0000000089200000| Untracked 
|  71|0x0000000089300000, 0x0000000089300000, 0x0000000089400000|  0%| F|  |TAMS 0x0000000089300000, 0x0000000089300000| Untracked 
|  72|0x0000000089400000, 0x0000000089400000, 0x0000000089500000|  0%| F|  |TAMS 0x0000000089400000, 0x0000000089400000| Untracked 
|  73|0x0000000089500000, 0x0000000089500000, 0x0000000089600000|  0%| F|  |TAMS 0x0000000089500000, 0x0000000089500000| Untracked 
|  74|0x0000000089600000, 0x0000000089600000, 0x0000000089700000|  0%| F|  |TAMS 0x0000000089600000, 0x0000000089600000| Untracked 
|  75|0x0000000089700000, 0x0000000089700000, 0x0000000089800000|  0%| F|  |TAMS 0x0000000089700000, 0x0000000089700000| Untracked 
|  76|0x0000000089800000, 0x0000000089800000, 0x0000000089900000|  0%| F|  |TAMS 0x0000000089800000, 0x0000000089800000| Untracked 
|  77|0x0000000089900000, 0x0000000089900000, 0x0000000089a00000|  0%| F|  |TAMS 0x0000000089900000, 0x0000000089900000| Untracked 
|  78|0x0000000089a00000, 0x0000000089a00000, 0x0000000089b00000|  0%| F|  |TAMS 0x0000000089a00000, 0x0000000089a00000| Untracked 
|  79|0x0000000089b00000, 0x0000000089b00000, 0x0000000089c00000|  0%| F|  |TAMS 0x0000000089b00000, 0x0000000089b00000| Untracked 
|  80|0x0000000089c00000, 0x0000000089c00000, 0x0000000089d00000|  0%| F|  |TAMS 0x0000000089c00000, 0x0000000089c00000| Untracked 
|  81|0x0000000089d00000, 0x0000000089d00000, 0x0000000089e00000|  0%| F|  |TAMS 0x0000000089d00000, 0x0000000089d00000| Untracked 
|  82|0x0000000089e00000, 0x0000000089e00000, 0x0000000089f00000|  0%| F|  |TAMS 0x0000000089e00000, 0x0000000089e00000| Untracked 
|  83|0x0000000089f00000, 0x0000000089f00000, 0x000000008a000000|  0%| F|  |TAMS 0x0000000089f00000, 0x0000000089f00000| Untracked 
|  84|0x000000008a000000, 0x000000008a000000, 0x000000008a100000|  0%| F|  |TAMS 0x000000008a000000, 0x000000008a000000| Untracked 
|  85|0x000000008a100000, 0x000000008a100000, 0x000000008a200000|  0%| F|  |TAMS 0x000000008a100000, 0x000000008a100000| Untracked 
|  86|0x000000008a200000, 0x000000008a200000, 0x000000008a300000|  0%| F|  |TAMS 0x000000008a200000, 0x000000008a200000| Untracked 
|  87|0x000000008a300000, 0x000000008a300000, 0x000000008a400000|  0%| F|  |TAMS 0x000000008a300000, 0x000000008a300000| Untracked 
|  88|0x000000008a400000, 0x000000008a400000, 0x000000008a500000|  0%| F|  |TAMS 0x000000008a400000, 0x000000008a400000| Untracked 
|  89|0x000000008a500000, 0x000000008a500000, 0x000000008a600000|  0%| F|  |TAMS 0x000000008a500000, 0x000000008a500000| Untracked 
|  90|0x000000008a600000, 0x000000008a600000, 0x000000008a700000|  0%| F|  |TAMS 0x000000008a600000, 0x000000008a600000| Untracked 
|  91|0x000000008a700000, 0x000000008a700000, 0x000000008a800000|  0%| F|  |TAMS 0x000000008a700000, 0x000000008a700000| Untracked 
|  92|0x000000008a800000, 0x000000008a800000, 0x000000008a900000|  0%| F|  |TAMS 0x000000008a800000, 0x000000008a800000| Untracked 
|  93|0x000000008a900000, 0x000000008a900000, 0x000000008aa00000|  0%| F|  |TAMS 0x000000008a900000, 0x000000008a900000| Untracked 
|  94|0x000000008aa00000, 0x000000008aa00000, 0x000000008ab00000|  0%| F|  |TAMS 0x000000008aa00000, 0x000000008aa00000| Untracked 
|  95|0x000000008ab00000, 0x000000008ab00000, 0x000000008ac00000|  0%| F|  |TAMS 0x000000008ab00000, 0x000000008ab00000| Untracked 
|  96|0x000000008ac00000, 0x000000008ac00000, 0x000000008ad00000|  0%| F|  |TAMS 0x000000008ac00000, 0x000000008ac00000| Untracked 
|  97|0x000000008ad00000, 0x000000008ad00000, 0x000000008ae00000|  0%| F|  |TAMS 0x000000008ad00000, 0x000000008ad00000| Untracked 
|  98|0x000000008ae00000, 0x000000008ae00000, 0x000000008af00000|  0%| F|  |TAMS 0x000000008ae00000, 0x000000008ae00000| Untracked 
|  99|0x000000008af00000, 0x000000008af00000, 0x000000008b000000|  0%| F|  |TAMS 0x000000008af00000, 0x000000008af00000| Untracked 
| 100|0x000000008b000000, 0x000000008b000000, 0x000000008b100000|  0%| F|  |TAMS 0x000000008b000000, 0x000000008b000000| Untracked 
| 101|0x000000008b100000, 0x000000008b100000, 0x000000008b200000|  0%| F|  |TAMS 0x000000008b100000, 0x000000008b100000| Untracked 
| 102|0x000000008b200000, 0x000000008b200000, 0x000000008b300000|  0%| F|  |TAMS 0x000000008b200000, 0x000000008b200000| Untracked 
| 103|0x000000008b300000, 0x000000008b300000, 0x000000008b400000|  0%| F|  |TAMS 0x000000008b300000, 0x000000008b300000| Untracked 
| 104|0x000000008b400000, 0x000000008b400000, 0x000000008b500000|  0%| F|  |TAMS 0x000000008b400000, 0x000000008b400000| Untracked 
| 105|0x000000008b500000, 0x000000008b500000, 0x000000008b600000|  0%| F|  |TAMS 0x000000008b500000, 0x000000008b500000| Untracked 
| 106|0x000000008b600000, 0x000000008b600000, 0x000000008b700000|  0%| F|  |TAMS 0x000000008b600000, 0x000000008b600000| Untracked 
| 107|0x000000008b700000, 0x000000008b700000, 0x000000008b800000|  0%| F|  |TAMS 0x000000008b700000, 0x000000008b700000| Untracked 
| 108|0x000000008b800000, 0x000000008b800000, 0x000000008b900000|  0%| F|  |TAMS 0x000000008b800000, 0x000000008b800000| Untracked 
| 109|0x000000008b900000, 0x000000008b900000, 0x000000008ba00000|  0%| F|  |TAMS 0x000000008b900000, 0x000000008b900000| Untracked 
| 110|0x000000008ba00000, 0x000000008ba00000, 0x000000008bb00000|  0%| F|  |TAMS 0x000000008ba00000, 0x000000008ba00000| Untracked 
| 111|0x000000008bb00000, 0x000000008bb00000, 0x000000008bc00000|  0%| F|  |TAMS 0x000000008bb00000, 0x000000008bb00000| Untracked 
| 112|0x000000008bc00000, 0x000000008bc00000, 0x000000008bd00000|  0%| F|  |TAMS 0x000000008bc00000, 0x000000008bc00000| Untracked 
| 113|0x000000008bd00000, 0x000000008bd00000, 0x000000008be00000|  0%| F|  |TAMS 0x000000008bd00000, 0x000000008bd00000| Untracked 
| 114|0x000000008be00000, 0x000000008be00000, 0x000000008bf00000|  0%| F|  |TAMS 0x000000008be00000, 0x000000008be00000| Untracked 
| 115|0x000000008bf00000, 0x000000008bf00000, 0x000000008c000000|  0%| F|  |TAMS 0x000000008bf00000, 0x000000008bf00000| Untracked 
| 116|0x000000008c000000, 0x000000008c000000, 0x000000008c100000|  0%| F|  |TAMS 0x000000008c000000, 0x000000008c000000| Untracked 
| 117|0x000000008c100000, 0x000000008c1ed060, 0x000000008c200000| 92%| E|  |TAMS 0x000000008c100000, 0x000000008c100000| Complete 
| 118|0x000000008c200000, 0x000000008c300000, 0x000000008c300000|100%| E|CS|TAMS 0x000000008c200000, 0x000000008c200000| Complete 
| 119|0x000000008c300000, 0x000000008c400000, 0x000000008c400000|100%| E|CS|TAMS 0x000000008c300000, 0x000000008c300000| Complete 
| 120|0x000000008c400000, 0x000000008c500000, 0x000000008c500000|100%| E|CS|TAMS 0x000000008c400000, 0x000000008c400000| Complete 
| 121|0x000000008c500000, 0x000000008c600000, 0x000000008c600000|100%| E|CS|TAMS 0x000000008c500000, 0x000000008c500000| Complete 
| 122|0x000000008c600000, 0x000000008c700000, 0x000000008c700000|100%| E|CS|TAMS 0x000000008c600000, 0x000000008c600000| Complete 
| 123|0x000000008c700000, 0x000000008c800000, 0x000000008c800000|100%| E|CS|TAMS 0x000000008c700000, 0x000000008c700000| Complete 

Card table byte_map: [0x0000025c72010000,0x0000025c723f0000] _byte_map_base: 0x0000025c71bea000

Marking Bits (Prev, Next): (CMBitMap*) 0x0000025c5b1b8ef0, (CMBitMap*) 0x0000025c5b1b8f30
 Prev Bits: [0x0000025c727d0000, 0x0000025c746a0000)
 Next Bits: [0x0000025c746a0000, 0x0000025c76570000)

Polling page: 0x0000025c59180000

Metaspace:

Usage:
  Non-class:      5.59 MB used.
      Class:    670.69 KB used.
       Both:      6.25 MB used.

Virtual space:
  Non-class space:        8.00 MB reserved,       5.69 MB ( 71%) committed,  1 nodes.
      Class space:        1.00 GB reserved,     768.00 KB ( <1%) committed,  1 nodes.
              Both:        1.01 GB reserved,       6.44 MB ( <1%) committed. 

Chunk freelists:
   Non-Class:  2.14 MB
       Class:  3.24 MB
        Both:  5.38 MB

MaxMetaspaceSize: 17179869184.00 GB
CompressedClassSpaceSize: 1.00 GB
 - commit_granule_bytes: 65536.
 - commit_granule_words: 8192.
 - virtual_space_node_default_size: 1048576.
 - enlarge_chunks_in_place: 1.
 - new_chunks_are_fully_committed: 0.
 - uncommit_free_chunks: 1.
 - use_allocation_guard: 0.
 - handle_deallocations: 1.


Internal statistics:

num_allocs_failed_limit: 0.
num_arena_births: 108.
num_arena_deaths: 0.
num_vsnodes_births: 2.
num_vsnodes_deaths: 0.
num_space_committed: 103.
num_space_uncommitted: 0.
num_chunks_returned_to_freelist: 0.
num_chunks_taken_from_freelist: 130.
num_chunk_merges: 0.
num_chunk_splits: 82.
num_chunks_enlarged: 44.
num_purges: 0.

CodeHeap 'non-profiled nmethods': size=120000Kb used=234Kb max_used=234Kb free=119765Kb
 bounds [0x0000025c6a3d0000, 0x0000025c6a640000, 0x0000025c71900000]
CodeHeap 'profiled nmethods': size=120000Kb used=1130Kb max_used=1130Kb free=118869Kb
 bounds [0x0000025c62ea0000, 0x0000025c63110000, 0x0000025c6a3d0000]
CodeHeap 'non-nmethods': size=5760Kb used=1266Kb max_used=1277Kb free=4493Kb
 bounds [0x0000025c62900000, 0x0000025c62b70000, 0x0000025c62ea0000]
 total_blobs=1386 nmethods=815 adapters=484
 compilation: enabled
              stopped_count=0, restarted_count=0
 full_count=0

Compilation events (20 events):
Event: 2.099 Thread 0x0000025c78f56dc0 nmethod 804 0x0000025c6a409490 code [0x0000025c6a409620, 0x0000025c6a409798]
Event: 2.106 Thread 0x0000025c78f56dc0  805       3       sun.awt.EventQueueItem::<init> (10 bytes)
Event: 2.106 Thread 0x0000025c78f56dc0 nmethod 805 0x0000025c62fb5d90 code [0x0000025c62fb5f40, 0x0000025c62fb60f8]
Event: 2.229 Thread 0x0000025c78f56dc0  807       3       java.util.concurrent.locks.AbstractQueuedSynchronizer$ConditionObject::signalAll (34 bytes)
Event: 2.229 Thread 0x0000025c78f56dc0 nmethod 807 0x0000025c62fb6190 code [0x0000025c62fb6360, 0x0000025c62fb66c8]
Event: 2.242 Thread 0x0000025c78f56dc0  809  s    3       java.awt.Toolkit::getDefaultToolkit (53 bytes)
Event: 2.243 Thread 0x0000025c78f56dc0 nmethod 809 0x0000025c62fb6810 code [0x0000025c62fb6b20, 0x0000025c62fb7dc8]
Event: 2.270 Thread 0x0000025c78f56dc0  810       3       java.awt.Point::<init> (15 bytes)
Event: 2.271 Thread 0x0000025c78f56dc0 nmethod 810 0x0000025c62fb8290 code [0x0000025c62fb8440, 0x0000025c62fb8618]
Event: 2.271 Thread 0x0000025c78f56dc0  811       1       java.awt.Window::isRecursivelyVisible (5 bytes)
Event: 2.271 Thread 0x0000025c78f56dc0 nmethod 811 0x0000025c6a40a190 code [0x0000025c6a40a320, 0x0000025c6a40a3f8]
Event: 2.320 Thread 0x0000025c78f56dc0  812       3       java.security.AccessController::checkContext (49 bytes)
Event: 2.321 Thread 0x0000025c78f56dc0 nmethod 812 0x0000025c62fb8710 code [0x0000025c62fb8920, 0x0000025c62fb8f78]
Event: 2.356 Thread 0x0000025c78f56dc0  813       3       java.security.AccessController::doPrivileged (17 bytes)
Event: 2.357 Thread 0x0000025c78f56dc0 nmethod 813 0x0000025c62fb9190 code [0x0000025c62fb9380, 0x0000025c62fb9758]
Event: 2.420 Thread 0x0000025c78f56dc0  815       3       java.security.ProtectionDomain$JavaSecurityAccessImpl::doIntersectionPrivilege (22 bytes)
Event: 2.421 Thread 0x0000025c78f56dc0 nmethod 815 0x0000025c62fb9910 code [0x0000025c62fb9b40, 0x0000025c62fba0d8]
Event: 2.421 Thread 0x0000025c78f56dc0  816       3       java.security.ProtectionDomain$JavaSecurityAccessImpl::getCombinedACC (30 bytes)
Event: 2.422 Thread 0x0000025c78f56dc0 nmethod 816 0x0000025c62fba310 code [0x0000025c62fba4e0, 0x0000025c62fba8d8]
Event: 1463.185 Thread 0x0000025c78f522c0  817       4       jdk.internal.org.objectweb.asm.Symbol::<init> (38 bytes)

GC Heap History (0 events):
No events

Deoptimization events (20 events):
Event: 0.479 Thread 0x0000025c5b178bf0 Uncommon trap: trap_request=0xffffff45 fr.pc=0x0000025c6a3f7d80 relative=0x0000000000000440
Event: 0.479 Thread 0x0000025c5b178bf0 Uncommon trap: reason=unstable_if action=reinterpret pc=0x0000025c6a3f7d80 method=java.lang.StringLatin1.replace([BCC)Ljava/lang/String; @ 19 c2
Event: 0.479 Thread 0x0000025c5b178bf0 DEOPT PACKING pc=0x0000025c6a3f7d80 sp=0x0000009e576fe620
Event: 0.479 Thread 0x0000025c5b178bf0 DEOPT UNPACKING pc=0x0000025c6294f92e sp=0x0000009e576fe5a0 mode 2
Event: 0.600 Thread 0x0000025c79c20fa0 Uncommon trap: trap_request=0xffffff45 fr.pc=0x0000025c6a3ffb24 relative=0x0000000000000464
Event: 0.600 Thread 0x0000025c79c20fa0 Uncommon trap: reason=unstable_if action=reinterpret pc=0x0000025c6a3ffb24 method=java.lang.StringLatin1.toLowerCase(Ljava/lang/String;[BLjava/util/Locale;)Ljava/lang/String; @ 43 c2
Event: 0.600 Thread 0x0000025c79c20fa0 DEOPT PACKING pc=0x0000025c6a3ffb24 sp=0x0000009e58dfd2e0
Event: 0.600 Thread 0x0000025c79c20fa0 DEOPT UNPACKING pc=0x0000025c6294f92e sp=0x0000009e58dfd250 mode 2
Event: 0.642 Thread 0x0000025c79c20fa0 Uncommon trap: trap_request=0xffffffde fr.pc=0x0000025c6a402024 relative=0x0000000000000464
Event: 0.642 Thread 0x0000025c79c20fa0 Uncommon trap: reason=class_check action=maybe_recompile pc=0x0000025c6a402024 method=java.util.HashMap.getNode(Ljava/lang/Object;)Ljava/util/HashMap$Node; @ 63 c2
Event: 0.642 Thread 0x0000025c79c20fa0 DEOPT PACKING pc=0x0000025c6a402024 sp=0x0000009e58dfd7a0
Event: 0.642 Thread 0x0000025c79c20fa0 DEOPT UNPACKING pc=0x0000025c6294f92e sp=0x0000009e58dfd718 mode 2
Event: 0.648 Thread 0x0000025c79c20fa0 Uncommon trap: trap_request=0xffffffde fr.pc=0x0000025c6a402024 relative=0x0000000000000464
Event: 0.648 Thread 0x0000025c79c20fa0 Uncommon trap: reason=class_check action=maybe_recompile pc=0x0000025c6a402024 method=java.util.HashMap.getNode(Ljava/lang/Object;)Ljava/util/HashMap$Node; @ 63 c2
Event: 0.648 Thread 0x0000025c79c20fa0 DEOPT PACKING pc=0x0000025c6a402024 sp=0x0000009e58dfd7a0
Event: 0.648 Thread 0x0000025c79c20fa0 DEOPT UNPACKING pc=0x0000025c6294f92e sp=0x0000009e58dfd718 mode 2
Event: 0.652 Thread 0x0000025c79c20fa0 Uncommon trap: trap_request=0xffffffde fr.pc=0x0000025c6a402024 relative=0x0000000000000464
Event: 0.652 Thread 0x0000025c79c20fa0 Uncommon trap: reason=class_check action=maybe_recompile pc=0x0000025c6a402024 method=java.util.HashMap.getNode(Ljava/lang/Object;)Ljava/util/HashMap$Node; @ 63 c2
Event: 0.652 Thread 0x0000025c79c20fa0 DEOPT PACKING pc=0x0000025c6a402024 sp=0x0000009e58dfd7a0
Event: 0.652 Thread 0x0000025c79c20fa0 DEOPT UNPACKING pc=0x0000025c6294f92e sp=0x0000009e58dfd718 mode 2

Classes unloaded (0 events):
No events

Classes redefined (0 events):
No events

Internal exceptions (17 events):
Event: 0.107 Thread 0x0000025c5b178bf0 Exception <a 'sun/nio/fs/WindowsException'{0x000000008c63e848}> (0x000000008c63e848) 
thrown [t:\workspace\open\src\hotspot\share\prims\jni.cpp, line 579]
Event: 0.108 Thread 0x0000025c5b178bf0 Exception <a 'sun/nio/fs/WindowsException'{0x000000008c63ee08}> (0x000000008c63ee08) 
thrown [t:\workspace\open\src\hotspot\share\prims\jni.cpp, line 579]
Event: 0.110 Thread 0x0000025c5b178bf0 Exception <a 'sun/nio/fs/WindowsException'{0x000000008c642b80}> (0x000000008c642b80) 
thrown [t:\workspace\open\src\hotspot\share\prims\jni.cpp, line 579]
Event: 0.110 Thread 0x0000025c5b178bf0 Exception <a 'sun/nio/fs/WindowsException'{0x000000008c643728}> (0x000000008c643728) 
thrown [t:\workspace\open\src\hotspot\share\prims\jni.cpp, line 579]
Event: 0.160 Thread 0x0000025c5b178bf0 Exception <a 'java/lang/NoSuchMethodError'{0x000000008c500d90}: 'void java.lang.invoke.DirectMethodHandle$Holder.invokeSpecial(java.lang.Object, java.lang.Object, java.lang.Object)'> (0x000000008c500d90) 
thrown [t:\workspace\open\src\hotspot\share\interpreter\linkResolver.cpp, line 790]
Event: 0.173 Thread 0x0000025c5b178bf0 Exception <a 'java/lang/ClassNotFoundException'{0x000000008c517758}: sun/awt/resources/spi/awtProvider> (0x000000008c517758) 
thrown [t:\workspace\open\src\hotspot\share\classfile\systemDictionary.cpp, line 256]
Event: 0.195 Thread 0x0000025c5b178bf0 Exception <a 'java/io/FileNotFoundException'{0x000000008c56bd88}> (0x000000008c56bd88) 
thrown [t:\workspace\open\src\hotspot\share\prims\jni.cpp, line 579]
Event: 0.206 Thread 0x0000025c5b178bf0 Exception <a 'java/io/FileNotFoundException'{0x000000008c59a8c8}> (0x000000008c59a8c8) 
thrown [t:\workspace\open\src\hotspot\share\prims\jni.cpp, line 579]
Event: 0.206 Thread 0x0000025c5b178bf0 Exception <a 'java/lang/NoSuchMethodError'{0x000000008c59b9c0}: 'java.lang.Object java.lang.invoke.DirectMethodHandle$Holder.invokeStatic(java.lang.Object)'> (0x000000008c59b9c0) 
thrown [t:\workspace\open\src\hotspot\share\interpreter\linkResolver.cpp, line 790]
Event: 0.254 Thread 0x0000025c5b178bf0 Exception <a 'java/lang/NoSuchMethodError'{0x000000008c5eb078}: 'java.lang.Object java.lang.invoke.DirectMethodHandle$Holder.invokeStaticInit(java.lang.Object)'> (0x000000008c5eb078) 
thrown [t:\workspace\open\src\hotspot\share\interpreter\linkResolver.cpp, line 790]
Event: 0.322 Thread 0x0000025c5b178bf0 Exception <a 'java/lang/NoSuchMethodError'{0x000000008c4d2a48}: 'java.lang.Object java.lang.invoke.DirectMethodHandle$Holder.newInvokeSpecial(java.lang.Object, java.lang.Object, java.lang.Object, java.lang.Object, java.lang.Object)'> (0x000000008c4d2a48) 
thrown [t:\workspace\open\src\hotspot\share\interpreter\linkResolver.cpp, line 790]
Event: 0.324 Thread 0x0000025c5b178bf0 Exception <a 'java/lang/NoSuchMethodError'{0x000000008c4de530}: 'java.lang.Object java.lang.invoke.DirectMethodHandle$Holder.invokeStatic(java.lang.Object, int, java.lang.Object, java.lang.Object, java.lang.Object, java.lang.Object)'> (0x000000008c4de530) 
thrown [t:\workspace\open\src\hotspot\share\interpreter\linkResolver.cpp, line 790]
Event: 0.330 Thread 0x0000025c5b178bf0 Exception <a 'java/lang/NoSuchMethodError'{0x000000008c305018}: 'java.lang.Object java.lang.invoke.DirectMethodHandle$Holder.invokeStatic(java.lang.Object, int, java.lang.Object)'> (0x000000008c305018) 
thrown [t:\workspace\open\src\hotspot\share\interpreter\linkResolver.cpp, line 790]
Event: 0.367 Thread 0x0000025c5b178bf0 Exception <a 'java/lang/ClassNotFoundException'{0x000000008c3bd3a0}: com/sun/swing/internal/plaf/metal/resources/spi/metalProvider> (0x000000008c3bd3a0) 
thrown [t:\workspace\open\src\hotspot\share\classfile\systemDictionary.cpp, line 256]
Event: 0.368 Thread 0x0000025c5b178bf0 Exception <a 'java/lang/ClassNotFoundException'{0x000000008c3c1648}: com/sun/swing/internal/plaf/basic/resources/spi/basicProvider> (0x000000008c3c1648) 
thrown [t:\workspace\open\src\hotspot\share\classfile\systemDictionary.cpp, line 256]
Event: 0.398 Thread 0x0000025c79bd3d00 Exception <a 'java/lang/NoSuchMethodError'{0x000000008c4101c8}: 'void java.lang.invoke.DirectMethodHandle$Holder.invokeVirtual(java.lang.Object, java.lang.Object)'> (0x000000008c4101c8) 
thrown [t:\workspace\open\src\hotspot\share\interpreter\linkResolver.cpp, line 790]
Event: 0.422 Thread 0x0000025c5b178bf0 Exception <a 'java/lang/NoSuchMethodError'{0x000000008c2127d0}: 'void java.lang.invoke.DirectMethodHandle$Holder.invokeStaticInit(java.lang.Object)'> (0x000000008c2127d0) 
thrown [t:\workspace\open\src\hotspot\share\interpreter\linkResolver.cpp, line 790]

Events (20 events):
Event: 1.248 loading class java/util/concurrent/locks/AbstractQueuedSynchronizer$ExclusiveNode done
Event: 1.250 loading class java/awt/event/MouseEvent$1
Event: 1.250 loading class sun/awt/AWTAccessor$MouseEventAccessor
Event: 1.250 loading class sun/awt/AWTAccessor$MouseEventAccessor done
Event: 1.250 loading class java/awt/event/MouseEvent$1 done
Event: 1.250 Thread 0x0000025c79a46440 Thread exited: 0x0000025c79a46440
Event: 1.251 loading class java/awt/Cursor$CursorDisposer
Event: 1.251 loading class java/awt/Cursor$CursorDisposer done
Event: 1.258 loading class java/awt/event/MouseWheelEvent
Event: 1.258 loading class java/awt/event/MouseWheelEvent done
Event: 1.457 Executing  VM operation: Cleanup
Event: 1.457 Executing  VM operation: Cleanup done
Event: 2.473 Executing  VM operation: Cleanup
Event: 2.473 Executing  VM operation: Cleanup done
Event: 2.909 loading class java/awt/KeyboardFocusManager$2
Event: 2.909 loading class java/awt/KeyboardFocusManager$2 done
Event: 2.910 loading class sun/awt/SunToolkit$1
Event: 2.910 loading class sun/awt/SunToolkit$1 done
Event: 3.485 Executing  VM operation: Cleanup
Event: 3.485 Executing  VM operation: Cleanup done


Dynamic libraries:
0x00007ff6eb390000 - 0x00007ff6eb3a0000 	C:\Program Files\Java\jdk-16.0.1\bin\java.exe
0x00007ffc3cef0000 - 0x00007ffc3d0e5000 	C:\WINDOWS\SYSTEM32\ntdll.dll
0x00007ffc3b1e0000 - 0x00007ffc3b29d000 	C:\WINDOWS\System32\KERNEL32.DLL
0x00007ffc3ac80000 - 0x00007ffc3af48000 	C:\WINDOWS\System32\KERNELBASE.dll
0x00007ffc3a940000 - 0x00007ffc3aa40000 	C:\WINDOWS\System32\ucrtbase.dll
0x00007ffc252e0000 - 0x00007ffc252f9000 	C:\Program Files\Java\jdk-16.0.1\bin\VCRUNTIME140.dll
0x00007ffc32190000 - 0x00007ffc321a8000 	C:\Program Files\Java\jdk-16.0.1\bin\jli.dll
0x00007ffc3b800000 - 0x00007ffc3b8ac000 	C:\WINDOWS\System32\ADVAPI32.dll
0x00007ffc3b750000 - 0x00007ffc3b7ee000 	C:\WINDOWS\System32\msvcrt.dll
0x00007ffc3c710000 - 0x00007ffc3c7ab000 	C:\WINDOWS\System32\sechost.dll
0x00007ffc3b080000 - 0x00007ffc3b1ab000 	C:\WINDOWS\System32\RPCRT4.dll
0x00007ffc3b8b0000 - 0x00007ffc3ba50000 	C:\WINDOWS\System32\USER32.dll
0x00007ffc3abd0000 - 0x00007ffc3abf2000 	C:\WINDOWS\System32\win32u.dll
0x00007ffc3c370000 - 0x00007ffc3c39a000 	C:\WINDOWS\System32\GDI32.dll
0x00007ffc22260000 - 0x00007ffc224fa000 	C:\WINDOWS\WinSxS\amd64_microsoft.windows.common-controls_6595b64144ccf1df_6.0.19041.844_none_ca00b6081b84eb1d\COMCTL32.dll
0x00007ffc3a740000 - 0x00007ffc3a84b000 	C:\WINDOWS\System32\gdi32full.dll
0x00007ffc3a850000 - 0x00007ffc3a8ed000 	C:\WINDOWS\System32\msvcp_win.dll
0x00007ffc335f0000 - 0x00007ffc335fa000 	C:\WINDOWS\SYSTEM32\VERSION.dll
0x00007ffc3b1b0000 - 0x00007ffc3b1e0000 	C:\WINDOWS\System32\IMM32.DLL
0x00007ffc245d0000 - 0x00007ffc245dc000 	C:\Program Files\Java\jdk-16.0.1\bin\vcruntime140_1.dll
0x00007ffc22be0000 - 0x00007ffc22c71000 	C:\Program Files\Java\jdk-16.0.1\bin\msvcp140.dll
0x00007ffbd9900000 - 0x00007ffbda4ab000 	C:\Program Files\Java\jdk-16.0.1\bin\server\jvm.dll
0x00007ffc3c410000 - 0x00007ffc3c418000 	C:\WINDOWS\System32\PSAPI.DLL
0x00007ffc292f0000 - 0x00007ffc292f9000 	C:\WINDOWS\SYSTEM32\WSOCK32.dll
0x00007ffc3c3a0000 - 0x00007ffc3c40b000 	C:\WINDOWS\System32\WS2_32.dll
0x00007ffc20a50000 - 0x00007ffc20a77000 	C:\WINDOWS\SYSTEM32\WINMM.dll
0x00007ffc38f00000 - 0x00007ffc38f12000 	C:\WINDOWS\SYSTEM32\kernel.appcore.dll
0x00007ffc245c0000 - 0x00007ffc245ca000 	C:\Program Files\Java\jdk-16.0.1\bin\jimage.dll
0x00007ffc38ce0000 - 0x00007ffc38ec4000 	C:\WINDOWS\SYSTEM32\DBGHELP.DLL
0x00007ffc1dc80000 - 0x00007ffc1dcac000 	C:\WINDOWS\SYSTEM32\dbgcore.DLL
0x00007ffc3ac00000 - 0x00007ffc3ac80000 	C:\WINDOWS\System32\bcryptPrimitives.dll
0x00007ffc24340000 - 0x00007ffc24365000 	C:\Program Files\Java\jdk-16.0.1\bin\java.dll
0x00007ffc3bb00000 - 0x00007ffc3c242000 	C:\WINDOWS\System32\SHELL32.dll
0x00007ffc38490000 - 0x00007ffc38c20000 	C:\WINDOWS\SYSTEM32\windows.storage.dll
0x00007ffc3b3f0000 - 0x00007ffc3b745000 	C:\WINDOWS\System32\combase.dll
0x00007ffc39fd0000 - 0x00007ffc39ffc000 	C:\WINDOWS\SYSTEM32\Wldp.dll
0x00007ffc3ba50000 - 0x00007ffc3bafe000 	C:\WINDOWS\System32\SHCORE.dll
0x00007ffc3c420000 - 0x00007ffc3c475000 	C:\WINDOWS\System32\shlwapi.dll
0x00007ffc3a570000 - 0x00007ffc3a58f000 	C:\WINDOWS\SYSTEM32\profapi.dll
0x00007ffc23c80000 - 0x00007ffc23c99000 	C:\Program Files\Java\jdk-16.0.1\bin\net.dll
0x00007ffc2a950000 - 0x00007ffc2aa5b000 	C:\WINDOWS\SYSTEM32\WINHTTP.dll
0x00007ffc39d40000 - 0x00007ffc39daa000 	C:\WINDOWS\system32\mswsock.dll
0x00007ffc23ae0000 - 0x00007ffc23af3000 	C:\Program Files\Java\jdk-16.0.1\bin\nio.dll
0x00007ffc23a40000 - 0x00007ffc23a58000 	C:\Program Files\Java\jdk-16.0.1\bin\zip.dll
0x00007ffbf1da0000 - 0x00007ffbf1f20000 	C:\Program Files\Java\jdk-16.0.1\bin\awt.dll
0x00007ffc3b2a0000 - 0x00007ffc3b36d000 	C:\WINDOWS\System32\OLEAUT32.dll
0x00007ffc379b0000 - 0x00007ffc37a40000 	C:\WINDOWS\SYSTEM32\apphelp.dll
0x00007ffc37f40000 - 0x00007ffc37f6f000 	C:\WINDOWS\system32\DWMAPI.DLL
0x00007ffc37b90000 - 0x00007ffc37c2e000 	C:\WINDOWS\system32\uxtheme.dll
0x00007ffc1b360000 - 0x00007ffc1b486000 	C:\WINDOWS\system32\opengl32.dll
0x00007ffc24d30000 - 0x00007ffc24d5c000 	C:\WINDOWS\SYSTEM32\GLU32.dll
0x00007ffc3c7b0000 - 0x00007ffc3c8c5000 	C:\WINDOWS\System32\MSCTF.dll
0x00007ffc3af50000 - 0x00007ffc3b07a000 	C:\WINDOWS\System32\ole32.dll
0x00007ffc22ab0000 - 0x00007ffc22b39000 	C:\Program Files\Java\jdk-16.0.1\bin\freetype.dll
0x00007ffc1b500000 - 0x00007ffc1b5f6000 	C:\Program Files\Java\jdk-16.0.1\bin\harfbuzz.dll
0x00007ffc23a20000 - 0x00007ffc23a32000 	C:\Program Files\Java\jdk-16.0.1\bin\fontmanager.dll
0x00007ffc24b10000 - 0x00007ffc24c09000 	C:\WINDOWS\SYSTEM32\textinputframework.dll
0x00007ffc37340000 - 0x00007ffc3769e000 	C:\WINDOWS\System32\CoreUIComponents.dll
0x00007ffc376a0000 - 0x00007ffc37792000 	C:\WINDOWS\System32\CoreMessaging.dll
0x00007ffc39370000 - 0x00007ffc393a3000 	C:\WINDOWS\SYSTEM32\ntmarta.dll
0x00007ffc35fe0000 - 0x00007ffc36134000 	C:\WINDOWS\SYSTEM32\wintypes.dll

dbghelp: loaded successfully - version: 4.0.5 - missing functions: none
symbol engine: initialized successfully - sym options: 0x614 - pdb path: .;C:\Program Files\Java\jdk-16.0.1\bin;C:\WINDOWS\SYSTEM32;C:\WINDOWS\WinSxS\amd64_microsoft.windows.common-controls_6595b64144ccf1df_6.0.19041.844_none_ca00b6081b84eb1d;C:\Program Files\Java\jdk-16.0.1\bin\server

VM Arguments:
jvm_args: -Dfile.encoding=UTF-8 --module-path=C:\Users\mahaj\OneDrive\Documents\NetBeansProjects\Library.Management.System\build\classes 
java_command: ReadMe
java_class_path (initial): C:\Users\mahaj\Downloads\mysql-connector-java-8.0.21\mysql-connector-java-8.0.21.jar;C:\Users\mahaj\Downloads\jar_files\jcalendar-1.2.2.jar;C:\Users\mahaj\OneDrive\Documents\NetBeansProjects\Library.Management.System\build\classes
Launcher Type: SUN_STANDARD

[Global flags]
     intx CICompilerCount                          = 4                                         {product} {ergonomic}
     uint ConcGCThreads                            = 2                                         {product} {ergonomic}
     uint G1ConcRefinementThreads                  = 8                                         {product} {ergonomic}
   size_t G1HeapRegionSize                         = 1048576                                   {product} {ergonomic}
    uintx GCDrainStackTargetSize                   = 64                                        {product} {ergonomic}
   size_t InitialHeapSize                          = 130023424                                 {product} {ergonomic}
   size_t MarkStackSize                            = 4194304                                   {product} {ergonomic}
   size_t MaxHeapSize                              = 2067791872                                {product} {ergonomic}
   size_t MaxNewSize                               = 1240465408                                {product} {ergonomic}
   size_t MinHeapDeltaBytes                        = 1048576                                   {product} {ergonomic}
   size_t MinHeapSize                              = 8388608                                   {product} {ergonomic}
    uintx NonNMethodCodeHeapSize                   = 5839372                                {pd product} {ergonomic}
    uintx NonProfiledCodeHeapSize                  = 122909434                              {pd product} {ergonomic}
    uintx ProfiledCodeHeapSize                     = 122909434                              {pd product} {ergonomic}
    uintx ReservedCodeCacheSize                    = 251658240                              {pd product} {ergonomic}
     bool SegmentedCodeCache                       = true                                      {product} {ergonomic}
   size_t SoftMaxHeapSize                          = 2067791872                             {manageable} {ergonomic}
     bool UseCompressedClassPointers               = true                           {product lp64_product} {ergonomic}
     bool UseCompressedOops                        = true                           {product lp64_product} {ergonomic}
     bool UseG1GC                                  = true                                      {product} {ergonomic}
     bool UseLargePagesIndividualAllocation        = false                                  {pd product} {ergonomic}

Logging:
Log output configuration:
 #0: stdout all=warning uptime,level,tags
 #1: stderr all=off uptime,level,tags

Environment Variables:
PATH=C:\Program Files\Common Files\Oracle\Java\javapath;C:\WINDOWS\system32;C:\WINDOWS;C:\WINDOWS\System32\Wbem;C:\WINDOWS\System32\WindowsPowerShell\v1.0\;C:\WINDOWS\System32\OpenSSH\;C:\Program Files\Java\jdk-16.0.1\bin;C:\Users\mahaj\AppData\Local\Microsoft\WindowsApps;
USERNAME=mahaj
OS=Windows_NT
PROCESSOR_IDENTIFIER=Intel64 Family 6 Model 126 Stepping 5, GenuineIntel



---------------  S Y S T E M  ---------------

OS:
 Windows 10 , 64 bit Build 19041 (10.0.19041.928)
OS uptime: 4 days 11:45 hours

CPU: total 8 (initial active 8) (4 cores per cpu, 2 threads per core) family 6 model 126 stepping 5 microcode 0xa0, cx8, cmov, fxsr, ht, mmx, 3dnowpref, sse, sse2, sse3, ssse3, sse4.1, sse4.2, popcnt, lzcnt, tsc, tscinvbit, avx, avx2, aes, erms, clmul, bmi1, bmi2, adx, avx512f, avx512dq, avx512cd, avx512bw, avx512vl, sha, fma, vzeroupper, avx512_vpopcntdq, avx512_vpclmulqdq, avx512_vaes, avx512_vnni, clflush, clflushopt, avx512_vmbi2, avx512_vmbi

Memory: 4k page, system-wide physical 7880M (729M free)
TotalPageFile size 32456M (AvailPageFile size 0M)
current process WorkingSet (physical memory assigned to process): 44M, peak: 56M
current process commit charge ("private bytes"): 214M, peak: 216M

vm_info: Java HotSpot(TM) 64-Bit Server VM (16.0.1+9-24) for windows-amd64 JRE (16.0.1+9-24), built on Mar 26 2021 19:31:42 by "mach5one" with MS VC++ 16.7 (VS2019)

END.
